<?xml version="1.0" encoding="UTF-8"?>
<!-- Generated by org.testng.reporters.JUnitXMLReporter -->
<testsuite hostname="LAPTOP-IAQHS7UT" ignored="0" name="Test" tests="5" failures="1" timestamp="2022-07-30T00:03:31 PDT" time="15.78" errors="0">
  <testcase name="runScenario" time="2.206" classname="io.cucumber.testng.AbstractTestNGCucumberTests"/>
  <testcase name="runScenario" time="2.213" classname="io.cucumber.testng.AbstractTestNGCucumberTests"/>
  <testcase name="runScenario" time="1.754" classname="io.cucumber.testng.AbstractTestNGCucumberTests"/>
  <testcase name="runScenario" time="0.914" classname="io.cucumber.testng.AbstractTestNGCucumberTests"/>
  <testcase name="runScenario" time="5.733" classname="io.cucumber.testng.AbstractTestNGCucumberTests">
    <failure type="junit.framework.ComparisonFailure" message="expected:&amp;lt;null&amp;gt; but was:&amp;lt;The record has been deleted !!&amp;gt;">
      <![CDATA[junit.framework.ComparisonFailure: expected:<null> but was:<The record has been deleted !!>
at junit.framework.Assert.assertEquals(Assert.java:85)
at junit.framework.Assert.assertEquals(Assert.java:91)
at stepDefinitions.UserAPIStepDef.user_should_be_able_to_validate_the_deleted_message_in_the_response_body(UserAPIStepDef.java:185)
at ✽.user should be able to validate the deleted message "The record has been deleted !!" in the response body(classpath:features/userAPI.feature:34)
]]>
    </failure>
  </testcase> <!-- runScenario -->
</testsuite> <!-- Test -->
