<?xml version="1.0" encoding="UTF-8"?>
<testng-results skipped="0" failed="0" ignored="0" total="32" passed="32">
  <reporter-output>
  </reporter-output>
  <suite name="Surefire suite" duration-ms="13541" started-at="2022-08-24T22:44:45 PDT" finished-at="2022-08-24T22:44:58 PDT">
    <groups>
      <group name="cucumber">
        <method signature="AbstractTestNGCucumberTests.runScenario(io.cucumber.testng.PickleWrapper,io.cucumber.testng.FeatureWrapper)[pri:0, instance:testrunner.TestRestAPIRunner@27808f31]" name="runScenario" class="io.cucumber.testng.AbstractTestNGCucumberTests"/>
      </group> <!-- cucumber -->
    </groups>
    <test name="Surefire test" duration-ms="13541" started-at="2022-08-24T22:44:45 PDT" finished-at="2022-08-24T22:44:58 PDT">
      <class name="testrunner.TestRestAPIRunner">
        <test-method status="PASS" signature="setUpClass(org.testng.ITestContext)[pri:0, instance:testrunner.TestRestAPIRunner@27808f31]" name="setUpClass" is-config="true" duration-ms="245" started-at="2022-08-24T22:44:45 PDT" finished-at="2022-08-24T22:44:45 PDT">
          <params>
            <param index="0">
              <value>
                <![CDATA[org.testng.TestRunner@134593bf]]>
              </value>
            </param>
          </params>
          <reporter-output>
          </reporter-output>
        </test-method> <!-- setUpClass -->
        <test-method status="PASS" signature="runScenario(io.cucumber.testng.PickleWrapper,io.cucumber.testng.FeatureWrapper)[pri:0, instance:testrunner.TestRestAPIRunner@27808f31]" name="runScenario" duration-ms="4653" started-at="2022-08-24T22:44:45 PDT" description="Runs Cucumber Scenarios" data-provider="scenarios" finished-at="2022-08-24T22:44:50 PDT">
          <params>
            <param index="0">
              <value>
                <![CDATA["User should be able to get skill data by sending GET request for specific skill id"]]>
              </value>
            </param>
            <param index="1">
              <value>
                <![CDATA["Testing UserAPI Using CRUD Method"]]>
              </value>
            </param>
          </params>
          <reporter-output>
          </reporter-output>
        </test-method> <!-- runScenario -->
        <test-method status="PASS" signature="runScenario(io.cucumber.testng.PickleWrapper,io.cucumber.testng.FeatureWrapper)[pri:0, instance:testrunner.TestRestAPIRunner@27808f31]" name="runScenario" duration-ms="2529" started-at="2022-08-24T22:44:45 PDT" description="Runs Cucumber Scenarios" data-provider="scenarios" finished-at="2022-08-24T22:44:48 PDT">
          <params>
            <param index="0">
              <value>
                <![CDATA["User should not be able to get all users by sending GET request with no credentials"]]>
              </value>
            </param>
            <param index="1">
              <value>
                <![CDATA["Testing UserAPI Using CRUD Method"]]>
              </value>
            </param>
          </params>
          <reporter-output>
          </reporter-output>
        </test-method> <!-- runScenario -->
        <test-method status="PASS" signature="runScenario(io.cucumber.testng.PickleWrapper,io.cucumber.testng.FeatureWrapper)[pri:0, instance:testrunner.TestRestAPIRunner@27808f31]" name="runScenario" duration-ms="2751" started-at="2022-08-24T22:44:45 PDT" description="Runs Cucumber Scenarios" data-provider="scenarios" finished-at="2022-08-24T22:44:48 PDT">
          <params>
            <param index="0">
              <value>
                <![CDATA["User should not be able to send PUT request with invalid data"]]>
              </value>
            </param>
            <param index="1">
              <value>
                <![CDATA["Testing UserAPI Using CRUD Method"]]>
              </value>
            </param>
          </params>
          <reporter-output>
          </reporter-output>
        </test-method> <!-- runScenario -->
        <test-method status="PASS" signature="runScenario(io.cucumber.testng.PickleWrapper,io.cucumber.testng.FeatureWrapper)[pri:0, instance:testrunner.TestRestAPIRunner@27808f31]" name="runScenario" duration-ms="2756" started-at="2022-08-24T22:44:45 PDT" description="Runs Cucumber Scenarios" data-provider="scenarios" finished-at="2022-08-24T22:44:48 PDT">
          <params>
            <param index="0">
              <value>
                <![CDATA["User should be able to get all skill data by sending GET request with valid authetication"]]>
              </value>
            </param>
            <param index="1">
              <value>
                <![CDATA["Testing UserAPI Using CRUD Method"]]>
              </value>
            </param>
          </params>
          <reporter-output>
          </reporter-output>
        </test-method> <!-- runScenario -->
        <test-method status="PASS" signature="runScenario(io.cucumber.testng.PickleWrapper,io.cucumber.testng.FeatureWrapper)[pri:0, instance:testrunner.TestRestAPIRunner@27808f31]" name="runScenario" duration-ms="6362" started-at="2022-08-24T22:44:45 PDT" description="Runs Cucumber Scenarios" data-provider="scenarios" finished-at="2022-08-24T22:44:52 PDT">
          <params>
            <param index="0">
              <value>
                <![CDATA["User should not be able to create new user by sending already existing skill id"]]>
              </value>
            </param>
            <param index="1">
              <value>
                <![CDATA["Testing UserAPI Using CRUD Method"]]>
              </value>
            </param>
          </params>
          <reporter-output>
          </reporter-output>
        </test-method> <!-- runScenario -->
        <test-method status="PASS" signature="runScenario(io.cucumber.testng.PickleWrapper,io.cucumber.testng.FeatureWrapper)[pri:0, instance:testrunner.TestRestAPIRunner@27808f31]" name="runScenario" duration-ms="5685" started-at="2022-08-24T22:44:45 PDT" description="Runs Cucumber Scenarios" data-provider="scenarios" finished-at="2022-08-24T22:44:51 PDT">
          <params>
            <param index="0">
              <value>
                <![CDATA["User should be able to send DELETE request with valid credentials"]]>
              </value>
            </param>
            <param index="1">
              <value>
                <![CDATA["Testing UserAPI Using CRUD Method"]]>
              </value>
            </param>
          </params>
          <reporter-output>
          </reporter-output>
        </test-method> <!-- runScenario -->
        <test-method status="PASS" signature="runScenario(io.cucumber.testng.PickleWrapper,io.cucumber.testng.FeatureWrapper)[pri:0, instance:testrunner.TestRestAPIRunner@27808f31]" name="runScenario" duration-ms="7149" started-at="2022-08-24T22:44:45 PDT" description="Runs Cucumber Scenarios" data-provider="scenarios" finished-at="2022-08-24T22:44:52 PDT">
          <params>
            <param index="0">
              <value>
                <![CDATA["User should be able to send PUT request with valid credentials"]]>
              </value>
            </param>
            <param index="1">
              <value>
                <![CDATA["Testing UserAPI Using CRUD Method"]]>
              </value>
            </param>
          </params>
          <reporter-output>
          </reporter-output>
        </test-method> <!-- runScenario -->
        <test-method status="PASS" signature="runScenario(io.cucumber.testng.PickleWrapper,io.cucumber.testng.FeatureWrapper)[pri:0, instance:testrunner.TestRestAPIRunner@27808f31]" name="runScenario" duration-ms="6257" started-at="2022-08-24T22:44:45 PDT" description="Runs Cucumber Scenarios" data-provider="scenarios" finished-at="2022-08-24T22:44:51 PDT">
          <params>
            <param index="0">
              <value>
                <![CDATA["User should be able to create new skill detail by sending POST request"]]>
              </value>
            </param>
            <param index="1">
              <value>
                <![CDATA["Testing UserAPI Using CRUD Method"]]>
              </value>
            </param>
          </params>
          <reporter-output>
          </reporter-output>
        </test-method> <!-- runScenario -->
        <test-method status="PASS" signature="runScenario(io.cucumber.testng.PickleWrapper,io.cucumber.testng.FeatureWrapper)[pri:0, instance:testrunner.TestRestAPIRunner@27808f31]" name="runScenario" duration-ms="3282" started-at="2022-08-24T22:44:45 PDT" description="Runs Cucumber Scenarios" data-provider="scenarios" finished-at="2022-08-24T22:44:49 PDT">
          <params>
            <param index="0">
              <value>
                <![CDATA["User should not be able to get already deleted or non-existing skill id"]]>
              </value>
            </param>
            <param index="1">
              <value>
                <![CDATA["Testing UserAPI Using CRUD Method"]]>
              </value>
            </param>
          </params>
          <reporter-output>
          </reporter-output>
        </test-method> <!-- runScenario -->
        <test-method status="PASS" signature="runScenario(io.cucumber.testng.PickleWrapper,io.cucumber.testng.FeatureWrapper)[pri:0, instance:testrunner.TestRestAPIRunner@27808f31]" name="runScenario" duration-ms="2529" started-at="2022-08-24T22:44:45 PDT" description="Runs Cucumber Scenarios" data-provider="scenarios" finished-at="2022-08-24T22:44:48 PDT">
          <params>
            <param index="0">
              <value>
                <![CDATA["User should not be able to get all skill data by sending GET request with no authetication"]]>
              </value>
            </param>
            <param index="1">
              <value>
                <![CDATA["Testing UserAPI Using CRUD Method"]]>
              </value>
            </param>
          </params>
          <reporter-output>
          </reporter-output>
        </test-method> <!-- runScenario -->
        <test-method status="PASS" signature="runScenario(io.cucumber.testng.PickleWrapper,io.cucumber.testng.FeatureWrapper)[pri:0, instance:testrunner.TestRestAPIRunner@27808f31]" name="runScenario" duration-ms="642" started-at="2022-08-24T22:44:48 PDT" description="Runs Cucumber Scenarios" data-provider="scenarios" finished-at="2022-08-24T22:44:48 PDT">
          <params>
            <param index="0">
              <value>
                <![CDATA["User should be able to send GET request with valid credentials"]]>
              </value>
            </param>
            <param index="1">
              <value>
                <![CDATA["Testing UserAPI Using CRUD Method"]]>
              </value>
            </param>
          </params>
          <reporter-output>
          </reporter-output>
        </test-method> <!-- runScenario -->
        <test-method status="PASS" signature="runScenario(io.cucumber.testng.PickleWrapper,io.cucumber.testng.FeatureWrapper)[pri:0, instance:testrunner.TestRestAPIRunner@27808f31]" name="runScenario" duration-ms="2121" started-at="2022-08-24T22:44:48 PDT" description="Runs Cucumber Scenarios" data-provider="scenarios" finished-at="2022-08-24T22:44:50 PDT">
          <params>
            <param index="0">
              <value>
                <![CDATA["User should be able to send GET request by specific user id"]]>
              </value>
            </param>
            <param index="1">
              <value>
                <![CDATA["Testing UserAPI Using CRUD Method"]]>
              </value>
            </param>
          </params>
          <reporter-output>
          </reporter-output>
        </test-method> <!-- runScenario -->
        <test-method status="PASS" signature="runScenario(io.cucumber.testng.PickleWrapper,io.cucumber.testng.FeatureWrapper)[pri:0, instance:testrunner.TestRestAPIRunner@27808f31]" name="runScenario" duration-ms="614" started-at="2022-08-24T22:44:48 PDT" description="Runs Cucumber Scenarios" data-provider="scenarios" finished-at="2022-08-24T22:44:49 PDT">
          <params>
            <param index="0">
              <value>
                <![CDATA["User should not be able to get valid user details by sending GET request with invalid user id"]]>
              </value>
            </param>
            <param index="1">
              <value>
                <![CDATA["Testing UserAPI Using CRUD Method"]]>
              </value>
            </param>
          </params>
          <reporter-output>
          </reporter-output>
        </test-method> <!-- runScenario -->
        <test-method status="PASS" signature="runScenario(io.cucumber.testng.PickleWrapper,io.cucumber.testng.FeatureWrapper)[pri:0, instance:testrunner.TestRestAPIRunner@27808f31]" name="runScenario" duration-ms="3975" started-at="2022-08-24T22:44:48 PDT" description="Runs Cucumber Scenarios" data-provider="scenarios" finished-at="2022-08-24T22:44:52 PDT">
          <params>
            <param index="0">
              <value>
                <![CDATA["User should be able to send POST request with valid credentials"]]>
              </value>
            </param>
            <param index="1">
              <value>
                <![CDATA["Testing UserAPI Using CRUD Method"]]>
              </value>
            </param>
          </params>
          <reporter-output>
          </reporter-output>
        </test-method> <!-- runScenario -->
        <test-method status="PASS" signature="runScenario(io.cucumber.testng.PickleWrapper,io.cucumber.testng.FeatureWrapper)[pri:0, instance:testrunner.TestRestAPIRunner@27808f31]" name="runScenario" duration-ms="1381" started-at="2022-08-24T22:44:48 PDT" description="Runs Cucumber Scenarios" data-provider="scenarios" finished-at="2022-08-24T22:44:50 PDT">
          <params>
            <param index="0">
              <value>
                <![CDATA["User should not be able to create new user by sending invalid request body in POST request"]]>
              </value>
            </param>
            <param index="1">
              <value>
                <![CDATA["Testing UserAPI Using CRUD Method"]]>
              </value>
            </param>
          </params>
          <reporter-output>
          </reporter-output>
        </test-method> <!-- runScenario -->
        <test-method status="PASS" signature="runScenario(io.cucumber.testng.PickleWrapper,io.cucumber.testng.FeatureWrapper)[pri:0, instance:testrunner.TestRestAPIRunner@27808f31]" name="runScenario" duration-ms="4613" started-at="2022-08-24T22:44:49 PDT" description="Runs Cucumber Scenarios" data-provider="scenarios" finished-at="2022-08-24T22:44:53 PDT">
          <params>
            <param index="0">
              <value>
                <![CDATA["User should be able to send PUT request with valid credentials"]]>
              </value>
            </param>
            <param index="1">
              <value>
                <![CDATA["Testing UserAPI Using CRUD Method"]]>
              </value>
            </param>
          </params>
          <reporter-output>
          </reporter-output>
        </test-method> <!-- runScenario -->
        <test-method status="PASS" signature="runScenario(io.cucumber.testng.PickleWrapper,io.cucumber.testng.FeatureWrapper)[pri:0, instance:testrunner.TestRestAPIRunner@27808f31]" name="runScenario" duration-ms="3613" started-at="2022-08-24T22:44:49 PDT" description="Runs Cucumber Scenarios" data-provider="scenarios" finished-at="2022-08-24T22:44:52 PDT">
          <params>
            <param index="0">
              <value>
                <![CDATA["User should be able to send DELETE request with valid credentials"]]>
              </value>
            </param>
            <param index="1">
              <value>
                <![CDATA["Testing UserAPI Using CRUD Method"]]>
              </value>
            </param>
          </params>
          <reporter-output>
          </reporter-output>
        </test-method> <!-- runScenario -->
        <test-method status="PASS" signature="runScenario(io.cucumber.testng.PickleWrapper,io.cucumber.testng.FeatureWrapper)[pri:0, instance:testrunner.TestRestAPIRunner@27808f31]" name="runScenario" duration-ms="3556" started-at="2022-08-24T22:44:50 PDT" description="Runs Cucumber Scenarios" data-provider="scenarios" finished-at="2022-08-24T22:44:53 PDT">
          <params>
            <param index="0">
              <value>
                <![CDATA["User should not be able to get already deleted or non-existing user id"]]>
              </value>
            </param>
            <param index="1">
              <value>
                <![CDATA["Testing UserAPI Using CRUD Method"]]>
              </value>
            </param>
          </params>
          <reporter-output>
          </reporter-output>
        </test-method> <!-- runScenario -->
        <test-method status="PASS" signature="runScenario(io.cucumber.testng.PickleWrapper,io.cucumber.testng.FeatureWrapper)[pri:0, instance:testrunner.TestRestAPIRunner@27808f31]" name="runScenario" duration-ms="743" started-at="2022-08-24T22:44:50 PDT" description="Runs Cucumber Scenarios" data-provider="scenarios" finished-at="2022-08-24T22:44:51 PDT">
          <params>
            <param index="0">
              <value>
                <![CDATA["User should be able to get all user-skill data by sending GET request with valid authetication"]]>
              </value>
            </param>
            <param index="1">
              <value>
                <![CDATA["Testing UserSkillMapAPI Using CRUD Method"]]>
              </value>
            </param>
          </params>
          <reporter-output>
          </reporter-output>
        </test-method> <!-- runScenario -->
        <test-method status="PASS" signature="runScenario(io.cucumber.testng.PickleWrapper,io.cucumber.testng.FeatureWrapper)[pri:0, instance:testrunner.TestRestAPIRunner@27808f31]" name="runScenario" duration-ms="477" started-at="2022-08-24T22:44:50 PDT" description="Runs Cucumber Scenarios" data-provider="scenarios" finished-at="2022-08-24T22:44:50 PDT">
          <params>
            <param index="0">
              <value>
                <![CDATA["User should not be able to get all user-skill data by sending GET request with no authetication"]]>
              </value>
            </param>
            <param index="1">
              <value>
                <![CDATA["Testing UserSkillMapAPI Using CRUD Method"]]>
              </value>
            </param>
          </params>
          <reporter-output>
          </reporter-output>
        </test-method> <!-- runScenario -->
        <test-method status="PASS" signature="runScenario(io.cucumber.testng.PickleWrapper,io.cucumber.testng.FeatureWrapper)[pri:0, instance:testrunner.TestRestAPIRunner@27808f31]" name="runScenario" duration-ms="1904" started-at="2022-08-24T22:44:50 PDT" description="Runs Cucumber Scenarios" data-provider="scenarios" finished-at="2022-08-24T22:44:52 PDT">
          <params>
            <param index="0">
              <value>
                <![CDATA["User should be able to get user-skill data by sending GET request with valid single user skill id"]]>
              </value>
            </param>
            <param index="1">
              <value>
                <![CDATA["Testing UserSkillMapAPI Using CRUD Method"]]>
              </value>
            </param>
          </params>
          <reporter-output>
          </reporter-output>
        </test-method> <!-- runScenario -->
        <test-method status="PASS" signature="runScenario(io.cucumber.testng.PickleWrapper,io.cucumber.testng.FeatureWrapper)[pri:0, instance:testrunner.TestRestAPIRunner@27808f31]" name="runScenario" duration-ms="607" started-at="2022-08-24T22:44:51 PDT" description="Runs Cucumber Scenarios" data-provider="scenarios" finished-at="2022-08-24T22:44:51 PDT">
          <params>
            <param index="0">
              <value>
                <![CDATA["User should not be able to get user-skill data by sending GET request with invalid single user skill id"]]>
              </value>
            </param>
            <param index="1">
              <value>
                <![CDATA["Testing UserSkillMapAPI Using CRUD Method"]]>
              </value>
            </param>
          </params>
          <reporter-output>
          </reporter-output>
        </test-method> <!-- runScenario -->
        <test-method status="PASS" signature="runScenario(io.cucumber.testng.PickleWrapper,io.cucumber.testng.FeatureWrapper)[pri:0, instance:testrunner.TestRestAPIRunner@27808f31]" name="runScenario" duration-ms="4778" started-at="2022-08-24T22:44:51 PDT" description="Runs Cucumber Scenarios" data-provider="scenarios" finished-at="2022-08-24T22:44:56 PDT">
          <params>
            <param index="0">
              <value>
                <![CDATA["User should be able to create a new user skill mapping detail by sending POST request with valid data"]]>
              </value>
            </param>
            <param index="1">
              <value>
                <![CDATA["Testing UserSkillMapAPI Using CRUD Method"]]>
              </value>
            </param>
          </params>
          <reporter-output>
          </reporter-output>
        </test-method> <!-- runScenario -->
        <test-method status="PASS" signature="runScenario(io.cucumber.testng.PickleWrapper,io.cucumber.testng.FeatureWrapper)[pri:0, instance:testrunner.TestRestAPIRunner@27808f31]" name="runScenario" duration-ms="3622" started-at="2022-08-24T22:44:51 PDT" description="Runs Cucumber Scenarios" data-provider="scenarios" finished-at="2022-08-24T22:44:55 PDT">
          <params>
            <param index="0">
              <value>
                <![CDATA["User should not be able to create a new user skill mapping detail by sending POST request with invalid data"]]>
              </value>
            </param>
            <param index="1">
              <value>
                <![CDATA["Testing UserSkillMapAPI Using CRUD Method"]]>
              </value>
            </param>
          </params>
          <reporter-output>
          </reporter-output>
        </test-method> <!-- runScenario -->
        <test-method status="PASS" signature="runScenario(io.cucumber.testng.PickleWrapper,io.cucumber.testng.FeatureWrapper)[pri:0, instance:testrunner.TestRestAPIRunner@27808f31]" name="runScenario" duration-ms="6522" started-at="2022-08-24T22:44:51 PDT" description="Runs Cucumber Scenarios" data-provider="scenarios" finished-at="2022-08-24T22:44:58 PDT">
          <params>
            <param index="0">
              <value>
                <![CDATA["User should not able to update an existing user skill mapping detail by sending PUT request"]]>
              </value>
            </param>
            <param index="1">
              <value>
                <![CDATA["Testing UserSkillMapAPI Using CRUD Method"]]>
              </value>
            </param>
          </params>
          <reporter-output>
          </reporter-output>
        </test-method> <!-- runScenario -->
        <test-method status="PASS" signature="runScenario(io.cucumber.testng.PickleWrapper,io.cucumber.testng.FeatureWrapper)[pri:0, instance:testrunner.TestRestAPIRunner@27808f31]" name="runScenario" duration-ms="3637" started-at="2022-08-24T22:44:52 PDT" description="Runs Cucumber Scenarios" data-provider="scenarios" finished-at="2022-08-24T22:44:55 PDT">
          <params>
            <param index="0">
              <value>
                <![CDATA["User should not able to update an existing user skill mapping detail by sending PUT request"]]>
              </value>
            </param>
            <param index="1">
              <value>
                <![CDATA["Testing UserSkillMapAPI Using CRUD Method"]]>
              </value>
            </param>
          </params>
          <reporter-output>
          </reporter-output>
        </test-method> <!-- runScenario -->
        <test-method status="PASS" signature="runScenario(io.cucumber.testng.PickleWrapper,io.cucumber.testng.FeatureWrapper)[pri:0, instance:testrunner.TestRestAPIRunner@27808f31]" name="runScenario" duration-ms="3547" started-at="2022-08-24T22:44:52 PDT" description="Runs Cucumber Scenarios" data-provider="scenarios" finished-at="2022-08-24T22:44:55 PDT">
          <params>
            <param index="0">
              <value>
                <![CDATA["User should be able to send DELETE request for exising user skill mapping detail"]]>
              </value>
            </param>
            <param index="1">
              <value>
                <![CDATA["Testing UserSkillMapAPI Using CRUD Method"]]>
              </value>
            </param>
          </params>
          <reporter-output>
          </reporter-output>
        </test-method> <!-- runScenario -->
        <test-method status="PASS" signature="runScenario(io.cucumber.testng.PickleWrapper,io.cucumber.testng.FeatureWrapper)[pri:0, instance:testrunner.TestRestAPIRunner@27808f31]" name="runScenario" duration-ms="3621" started-at="2022-08-24T22:44:52 PDT" description="Runs Cucumber Scenarios" data-provider="scenarios" finished-at="2022-08-24T22:44:56 PDT">
          <params>
            <param index="0">
              <value>
                <![CDATA["User should not be able to get already deleted or non-existing user id"]]>
              </value>
            </param>
            <param index="1">
              <value>
                <![CDATA["Testing UserSkillMapAPI Using CRUD Method"]]>
              </value>
            </param>
          </params>
          <reporter-output>
          </reporter-output>
        </test-method> <!-- runScenario -->
        <test-method status="PASS" signature="runScenario(io.cucumber.testng.PickleWrapper,io.cucumber.testng.FeatureWrapper)[pri:0, instance:testrunner.TestRestAPIRunner@27808f31]" name="runScenario" duration-ms="459" started-at="2022-08-24T22:44:52 PDT" description="Runs Cucumber Scenarios" data-provider="scenarios" finished-at="2022-08-24T22:44:53 PDT">
          <params>
            <param index="0">
              <value>
                <![CDATA["User should not be able to get all users with all skill details by sending GET request with no credentials"]]>
              </value>
            </param>
            <param index="1">
              <value>
                <![CDATA["Testing UserSkillMapGetAPI Using CRUD Method"]]>
              </value>
            </param>
          </params>
          <reporter-output>
          </reporter-output>
        </test-method> <!-- runScenario -->
        <test-method status="PASS" signature="runScenario(io.cucumber.testng.PickleWrapper,io.cucumber.testng.FeatureWrapper)[pri:0, instance:testrunner.TestRestAPIRunner@27808f31]" name="runScenario" duration-ms="3171" started-at="2022-08-24T22:44:52 PDT" description="Runs Cucumber Scenarios" data-provider="scenarios" finished-at="2022-08-24T22:44:56 PDT">
          <params>
            <param index="0">
              <value>
                <![CDATA["User should be able to get all users with all skill details by sending GET request with valid credentials"]]>
              </value>
            </param>
            <param index="1">
              <value>
                <![CDATA["Testing UserSkillMapGetAPI Using CRUD Method"]]>
              </value>
            </param>
          </params>
          <reporter-output>
          </reporter-output>
        </test-method> <!-- runScenario -->
        <test-method status="PASS" signature="runScenario(io.cucumber.testng.PickleWrapper,io.cucumber.testng.FeatureWrapper)[pri:0, instance:testrunner.TestRestAPIRunner@27808f31]" name="runScenario" duration-ms="598" started-at="2022-08-24T22:44:53 PDT" description="Runs Cucumber Scenarios" data-provider="scenarios" finished-at="2022-08-24T22:44:53 PDT">
          <params>
            <param index="0">
              <value>
                <![CDATA["User should not be able to get single user with skill details by sending GET request with invalid user id"]]>
              </value>
            </param>
            <param index="1">
              <value>
                <![CDATA["Testing UserSkillMapGetAPI Using CRUD Method"]]>
              </value>
            </param>
          </params>
          <reporter-output>
          </reporter-output>
        </test-method> <!-- runScenario -->
        <test-method status="PASS" signature="runScenario(io.cucumber.testng.PickleWrapper,io.cucumber.testng.FeatureWrapper)[pri:0, instance:testrunner.TestRestAPIRunner@27808f31]" name="runScenario" duration-ms="4141" started-at="2022-08-24T22:44:53 PDT" description="Runs Cucumber Scenarios" data-provider="scenarios" finished-at="2022-08-24T22:44:57 PDT">
          <params>
            <param index="0">
              <value>
                <![CDATA["User should be able to get single user with skill details by sending GET request with specific user id and valid credentials"]]>
              </value>
            </param>
            <param index="1">
              <value>
                <![CDATA["Testing UserSkillMapGetAPI Using CRUD Method"]]>
              </value>
            </param>
          </params>
          <reporter-output>
          </reporter-output>
        </test-method> <!-- runScenario -->
        <test-method status="PASS" signature="tearDownClass()[pri:0, instance:testrunner.TestRestAPIRunner@27808f31]" name="tearDownClass" is-config="true" duration-ms="476" started-at="2022-08-24T22:44:58 PDT" finished-at="2022-08-24T22:44:58 PDT">
          <reporter-output>
          </reporter-output>
        </test-method> <!-- tearDownClass -->
      </class> <!-- testrunner.TestRestAPIRunner -->
    </test> <!-- Surefire test -->
  </suite> <!-- Surefire suite -->
</testng-results>
