<?xml version="1.0" encoding="UTF-8"?>
<testsuite xmlns:xsi="http://www.w3.org/2001/XMLSchema-instance" xsi:noNamespaceSchemaLocation="https://maven.apache.org/surefire/maven-surefire-plugin/xsd/surefire-test-report-3.0.xsd" version="3.0" name="TestSuite" time="14.04" tests="32" errors="0" skipped="0" failures="0">
  <properties>
[...]
</properties>
  <testcase name="runScenario[&quot;User should not be able to get all skill data by sending GET request with no authetication&quot;, &quot;Testing UserAPI Using CRUD Method&quot;](2)" classname="testrunner.TestRestAPIRunner" time="2.528">
    <system-out><![CDATA[
@userAPI
Scenario: User should not be able to get all users by sending GET request with no credentials # features/userAPI.feature:4

@skillAPI
Scenario: User should be able to create new skill detail by sending POST request     # features/skillAPI.feature:22

@skillAPI
Scenario: User should not be able to get already deleted or non-existing skill id # features/skillAPI.feature:53

@skillAPI
Scenario: User should be able to send PUT request with valid credentials         # features/skillAPI.feature:35

@skillAPI
Scenario: User should be able to send DELETE request with valid credentials # features/skillAPI.feature:47

@skillAPI
Scenario: User should not be able to get all skill data by sending GET request with no authetication # features/skillAPI.feature:4

@skillAPI
Scenario: User should be able to get skill data by sending GET request for specific skill id # features/skillAPI.feature:15

@skillAPI
Scenario: User should not be able to create new user by sending already existing skill id                  # features/skillAPI.feature:29

@skillAPI
Scenario: User should not be able to send PUT request with invalid data         # features/skillAPI.feature:41

@skillAPI
Scenario: User should be able to get all skill data by sending GET request with valid authetication # features/skillAPI.feature:9
  Given user provides baseUri with no authetication details                                   # stepDefinitions.CommonStepDef.user_provides_base_uri_for_with_no_authetication_details()
  Given user provides baseUri with no authetication details                                          # stepDefinitions.CommonStepDef.user_provides_base_uri_for_with_no_authetication_details()
  Given user provides baseUri with valid authetication details              # stepDefinitions.CommonStepDef.user_provides_base_uri_with_valid_authetication_details()
  Given user provides baseUri with valid authetication details                       # stepDefinitions.CommonStepDef.user_provides_base_uri_with_valid_authetication_details()
  Given user provides baseUri with valid authetication details                   # stepDefinitions.CommonStepDef.user_provides_base_uri_with_valid_authetication_details()
  Given user provides baseUri with valid authetication details                                      # stepDefinitions.CommonStepDef.user_provides_base_uri_with_valid_authetication_details()
  Given user provides baseUri with valid authetication details                    # stepDefinitions.CommonStepDef.user_provides_base_uri_with_valid_authetication_details()
  Given user provides baseUri with valid authetication details                               # stepDefinitions.CommonStepDef.user_provides_base_uri_with_valid_authetication_details()
  Given user provides baseUri with valid authetication details                  # stepDefinitions.CommonStepDef.user_provides_base_uri_with_valid_authetication_details()
  Given user provides baseUri with valid authetication details                                             # stepDefinitions.CommonStepDef.user_provides_base_uri_with_valid_authetication_details()
  When user sends GET request with valid endpoint for skillAPI                                       # stepDefinitions.SkillAPISteps.user_sends_get_request_with_valid_endpoint_for_skill_api()
  When user sends GET request with valid endpoint                                             # stepDefinitions.UserAPISteps.user_sends_get_request_with_endpoint_as()
  Then user should receive response status code as 401                                               # stepDefinitions.CommonStepDef.user_should_receive_response_status_code_as(java.lang.Integer)
  Then user should receive response status code as 401                                        # stepDefinitions.CommonStepDef.user_should_receive_response_status_code_as(java.lang.Integer)
]]></system-out>
    <system-err><![CDATA[ERROR StatusLogger Log4j2 could not find a logging implementation. Please add log4j-core to the classpath. Using SimpleLogger to log to the console...
]]></system-err>
  </testcase>
  <testcase name="runScenario[&quot;User should not be able to get all users by sending GET request with no credentials&quot;, &quot;Testing UserAPI Using CRUD Method&quot;](2)" classname="testrunner.TestRestAPIRunner" time="2.529"/>
  <testcase name="runScenario[&quot;User should not be able to send PUT request with invalid data&quot;, &quot;Testing UserAPI Using CRUD Method&quot;](3)" classname="testrunner.TestRestAPIRunner" time="0.223">
    <system-out><![CDATA[
@userAPI
Scenario: User should be able to send GET request with valid credentials # features/userAPI.feature:9
  Given user provides baseUri with valid authetication details           # stepDefinitions.CommonStepDef.user_provides_base_uri_with_valid_authetication_details()

@userAPI
Scenario: User should be able to send GET request by specific user id   # features/userAPI.feature:15
  Given user provides baseUri with valid authetication details          # stepDefinitions.CommonStepDef.user_provides_base_uri_with_valid_authetication_details()
{"skill_id":4181,"skill_name":"SDET 70967","message_response":"Successfully Created !!"}
  When user sends GET request for already deleted or non-existing skill id        # stepDefinitions.SkillAPISteps.user_sends_get_request_for_already_deleted_or_non_existing_skill_id()
  Then user should receive response status code as 404                            # stepDefinitions.CommonStepDef.user_should_receive_response_status_code_as(java.lang.Integer)
{"timestamp":"2022-08-25T05:44:45.452+00:00","message":"Skill(id- 0) Not Found !!","details":"uri=/Skills/0"}
  When user sends PUT request with updated valid Json body and invalid skill id # stepDefinitions.SkillAPISteps.user_sends_put_request_with_updated_valid_json_body_and_invalid_skill_id()
  Then user should receive response status code as 404                          # stepDefinitions.CommonStepDef.user_should_receive_response_status_code_as(java.lang.Integer)
  And user should also receive the message "Skill(id- 0) Not Found !!"          # stepDefinitions.CommonStepDef.user_should_also_receive_the_message(java.lang.String)
]]></system-out>
  </testcase>
  <testcase name="runScenario[&quot;User should be able to get all skill data by sending GET request with valid authetication&quot;, &quot;Testing UserAPI Using CRUD Method&quot;](4)" classname="testrunner.TestRestAPIRunner" time="0.004">
    <system-out><![CDATA[  When user sends GET request with valid endpoint for skillAPI                                      # stepDefinitions.SkillAPISteps.user_sends_get_request_with_valid_endpoint_for_skill_api()
  Then user should receive response status code as 200                                              # stepDefinitions.CommonStepDef.user_should_receive_response_status_code_as(java.lang.Integer)
  And user receives response content-type as "aplication/json"                                      # stepDefinitions.CommonStepDef.user_receives_response_content_type_as(java.lang.String)
]]></system-out>
  </testcase>
  <testcase name="runScenario[&quot;User should be able to send GET request with valid credentials&quot;, &quot;Testing UserAPI Using CRUD Method&quot;](5)" classname="testrunner.TestRestAPIRunner" time="0.412">
    <system-out><![CDATA[
@userAPI
Scenario: User should not be able to get valid user details by sending GET request with invalid user id # features/userAPI.feature:22
  Given user provides baseUri with valid authetication details                                          # stepDefinitions.CommonStepDef.user_provides_base_uri_with_valid_authetication_details()

@userAPI
Scenario: User should be able to send POST request with valid credentials # features/userAPI.feature:27
  Given user provides baseUri with valid authetication details            # stepDefinitions.CommonStepDef.user_provides_base_uri_with_valid_authetication_details()
  When user sends GET request with valid endpoint                        # stepDefinitions.UserAPISteps.user_sends_get_request_with_endpoint_as()
  Then user should receive response status code as 200                   # stepDefinitions.CommonStepDef.user_should_receive_response_status_code_as(java.lang.Integer)
  And user receives response content-type as "aplication/json"           # stepDefinitions.CommonStepDef.user_receives_response_content_type_as(java.lang.String)
]]></system-out>
  </testcase>
  <testcase name="runScenario[&quot;User should not be able to get already deleted or non-existing skill id&quot;, &quot;Testing UserAPI Using CRUD Method&quot;](6)" classname="testrunner.TestRestAPIRunner" time="0.107">
    <system-out><![CDATA[
@userAPI
Scenario: User should not be able to create new user by sending invalid request body in POST request             # features/userAPI.feature:33
  Given user provides baseUri with valid authetication details                                                   # stepDefinitions.CommonStepDef.user_provides_base_uri_with_valid_authetication_details()
  And get request to the skill id should not return the skill id                  # stepDefinitions.SkillAPISteps.get_request_to_the_skill_id_should_not_return_the_skill_id()
  And user should also receive the message "Skill(id- nonExisting) Not Found !!"  # stepDefinitions.CommonStepDef.user_should_also_receive_the_message(java.lang.String)
]]></system-out>
  </testcase>
  <testcase name="runScenario[&quot;User should not be able to get valid user details by sending GET request with invalid user id&quot;, &quot;Testing UserAPI Using CRUD Method&quot;](7)" classname="testrunner.TestRestAPIRunner" time="0.087">
    <system-out><![CDATA[
@userAPI
Scenario: User should be able to send PUT request with valid credentials                               # features/userAPI.feature:40
  Given user provides baseUri with valid authetication details                                         # stepDefinitions.CommonStepDef.user_provides_base_uri_with_valid_authetication_details()
{"timestamp":"2022-08-25T05:44:46.047+00:00","message":"Failed to create new Skill details as Skill already exists !!","details":"uri=/Skills"}
  When user sends GET request with invalid user id as path parameter                                    # stepDefinitions.UserAPISteps.user_sends_get_request_with_invalid_user_id_as_path_parameter()
  Then user should receive response status code as 404                                                  # stepDefinitions.CommonStepDef.user_should_receive_response_status_code_as(java.lang.Integer)
]]></system-out>
  </testcase>
  <testcase name="runScenario[&quot;User should not be able to create new user by sending invalid request body in POST request&quot;, &quot;Testing UserAPI Using CRUD Method&quot;](8)" classname="testrunner.TestRestAPIRunner" time="1.19">
    <system-out><![CDATA[
@userAPI
Scenario: User should be able to send DELETE request with valid credentials # features/userAPI.feature:46
  Given user provides baseUri with valid authetication details              # stepDefinitions.CommonStepDef.user_provides_base_uri_with_valid_authetication_details()
9168656834
4182
3966
Skill_ID is: 3966
{"user_id":"U5287","name":"John,Jonas","phone_number":9168656669,"location":"MA","time_zone":"EST","linkedin_url":"www.linkedin.com/John","education_ug":"Engineering","education_pg":"BSc. Hons","visa_status":"H1b","comments":"test","message_response":"Successfully Created !!"}
firstUserId is: U23
{"skill_id":3966,"skill_name":"FqgE"}
{"skill_id":4182,"skill_name":"SDET 70827","message_response":"Successfully Updated !!"}
  When user sends GET request with valid endpoint and specific skill id                      # stepDefinitions.SkillAPISteps.user_sends_get_request_with_valid_endpoint_and_specific_skill_id()
  Then user should receive response status code as 200                                       # stepDefinitions.CommonStepDef.user_should_receive_response_status_code_as(java.lang.Integer)
3966
  And user should be able to validate the skill id in the response body                      # stepDefinitions.SkillAPISteps.user_should_be_able_to_validate_the_skill_id_in_the_response_body()
U5288
{"user_id":"U23","name":"John,Jonas","phone_number":9168656919,"location":"MA","time_zone":"EST","linkedin_url":"www.linkedin.com/John"}
  When user sends GET request with valid path parameter                 # stepDefinitions.UserAPISteps.user_sends_get_request_with_valid_path_parameter()
  Then user should receive response status code as 200                  # stepDefinitions.CommonStepDef.user_should_receive_response_status_code_as(java.lang.Integer)
  And user should be able to validate the the response body for userAPI # stepDefinitions.UserAPISteps.user_should_be_able_to_validate_the_user_id_in_the_response_body()
  When user sends POST request with existing phone number                                                        # stepDefinitions.UserAPISteps.user_sends_post_request_with_existing_phone_number()
  Then user should receive response status code as 400                                                           # stepDefinitions.CommonStepDef.user_should_receive_response_status_code_as(java.lang.Integer)
  And user should also receive the message "Failed to create new User details as phone number already exists !!" # stepDefinitions.CommonStepDef.user_should_also_receive_the_message(java.lang.String)
]]></system-out>
  </testcase>
  <testcase name="runScenario[&quot;User should be able to get skill data by sending GET request for specific skill id&quot;, &quot;Testing UserAPI Using CRUD Method&quot;](9)" classname="testrunner.TestRestAPIRunner" time="0.095">
    <system-out><![CDATA[
@userAPI
Scenario: User should not be able to get already deleted or non-existing user id # features/userAPI.feature:52
  Given user provides baseUri with valid authetication details                   # stepDefinitions.CommonStepDef.user_provides_base_uri_with_valid_authetication_details()
  And user should be able to validate json schema for userAPI           # stepDefinitions.UserAPISteps.user_should_be_able_to_validate_json_schema_for_user_api()
  And user should be able to validate json schema for skillAPI                               # stepDefinitions.SkillAPISteps.user_should_be_able_to_validate_json_schema_for_skill_api()
]]></system-out>
  </testcase>
  <testcase name="runScenario[&quot;User should be able to send GET request by specific user id&quot;, &quot;Testing UserAPI Using CRUD Method&quot;](10)" classname="testrunner.TestRestAPIRunner" time="0.095"/>
  <testcase name="runScenario[&quot;User should not be able to get all user-skill data by sending GET request with no authetication&quot;, &quot;Testing UserSkillMapAPI Using CRUD Method&quot;](11)" classname="testrunner.TestRestAPIRunner" time="0.479">
    <system-out><![CDATA[
@userSkillMapAPI
Scenario: User should be able to get all user-skill data by sending GET request with valid authetication # features/userSkillMapAPI.feature:9

@userSkillMapAPI
Scenario: User should not be able to get all user-skill data by sending GET request with no authetication # features/userSkillMapAPI.feature:4
  Given user provides baseUri with no authetication details                                               # stepDefinitions.CommonStepDef.user_provides_base_uri_for_with_no_authetication_details()
  Given user provides baseUri with valid authetication details                                           # stepDefinitions.CommonStepDef.user_provides_base_uri_with_valid_authetication_details()
{"user_id":"U5288","name":"John,Jonas","phone_number":9168656834,"location":"MA","time_zone":"EST","linkedin_url":"www.linkedin.com/John","education_ug":"Engineering","education_pg":"BSc. Hons","visa_status":"H1b","comments":"test","message_response":"Successfully Updated !!"}
{"timestamp":"2022-08-25T05:44:47.813+00:00","message":"User(id- null) Not Found !!","details":"uri=/Users/null"}
  When user sends GET request with valid endpoint for userSKillMapAPI                                     # stepDefinitions.UserSkillMapAPISteps.user_sends_get_request_with_valid_endpoint_for_user_s_kill_map_api()
  Then user should receive response status code as 401                                                    # stepDefinitions.CommonStepDef.user_should_receive_response_status_code_as(java.lang.Integer)
]]></system-out>
  </testcase>
  <testcase name="runScenario[&quot;User should be able to get all user-skill data by sending GET request with valid authetication&quot;, &quot;Testing UserSkillMapAPI Using CRUD Method&quot;](12)" classname="testrunner.TestRestAPIRunner" time="0.268">
    <system-out><![CDATA[
@userSkillMapAPI
Scenario: User should be able to get user-skill data by sending GET request with valid single user skill id # features/userSkillMapAPI.feature:15
  Given user provides baseUri with valid authetication details                                              # stepDefinitions.CommonStepDef.user_provides_base_uri_with_valid_authetication_details()
  When user sends GET request with valid endpoint for userSKillMapAPI                                    # stepDefinitions.UserSkillMapAPISteps.user_sends_get_request_with_valid_endpoint_for_user_s_kill_map_api()
  Then user should receive response status code as 200                                                   # stepDefinitions.CommonStepDef.user_should_receive_response_status_code_as(java.lang.Integer)
  And user receives response content-type as "aplication/json"                                           # stepDefinitions.CommonStepDef.user_receives_response_content_type_as(java.lang.String)
]]></system-out>
  </testcase>
  <testcase name="runScenario[&quot;User should be able to send DELETE request with valid credentials&quot;, &quot;Testing UserAPI Using CRUD Method&quot;](13)" classname="testrunner.TestRestAPIRunner" time="0.286">
    <system-out><![CDATA[
@userSkillMapAPI
Scenario: User should not be able to get user-skill data by sending GET request with invalid single user skill id # features/userSkillMapAPI.feature:21
  Given user provides baseUri with valid authetication details                                                    # stepDefinitions.CommonStepDef.user_provides_base_uri_with_valid_authetication_details()
  When user sends DELETE request for specific skill id                      # stepDefinitions.SkillAPISteps.user_sends_delete_request_for_specific_skill_id()
  When user sends POST request for skillAPI with valid Json body and header          # stepDefinitions.SkillAPISteps.user_sends_post_request_for_skill_api_with_valid_json_body_and_header()
  Then user should receive response status code as 201                               # stepDefinitions.CommonStepDef.user_should_receive_response_status_code_as(java.lang.Integer)
  Then user should receive response status code as 200                      # stepDefinitions.CommonStepDef.user_should_receive_response_status_code_as(java.lang.Integer)
  And user should also receive the message "The record has been deleted !!" # stepDefinitions.CommonStepDef.user_should_also_receive_the_message(java.lang.String)
]]></system-out>
  </testcase>
  <testcase name="runScenario[&quot;User should not be able to get user-skill data by sending GET request with invalid single user skill id&quot;, &quot;Testing UserSkillMapAPI Using CRUD Method&quot;](14)" classname="testrunner.TestRestAPIRunner" time="0.321">
    <system-out><![CDATA[
@userSkillMapAPI
Scenario: User should be able to create a new user skill mapping detail by sending POST request with valid data # features/userSkillMapAPI.feature:26
  Given user provides baseUri with valid authetication details                                                  # stepDefinitions.CommonStepDef.user_provides_base_uri_with_valid_authetication_details()
{"timestamp":"2022-08-25T05:44:48.707+00:00","message":"UserSkillId - 766 Not Found !!","details":"uri=/UserSkills/766"}
  When user sends GET request with invalid user skill id as path parameter                                        # stepDefinitions.UserSkillMapAPISteps.user_sends_get_request_with_invalid_user_skill_id_as_path_parameter()
  Then user should receive response status code as 404                                                            # stepDefinitions.CommonStepDef.user_should_receive_response_status_code_as(java.lang.Integer)
]]></system-out>
  </testcase>
  <testcase name="runScenario[&quot;User should be able to create new skill detail by sending POST request&quot;, &quot;Testing UserAPI Using CRUD Method&quot;](15)" classname="testrunner.TestRestAPIRunner" time="0.251">
    <system-out><![CDATA[
@userSkillMapAPI
Scenario: User should not be able to create a new user skill mapping detail by sending POST request with invalid data # features/userSkillMapAPI.feature:33
  Given user provides baseUri with valid authetication details                                                        # stepDefinitions.CommonStepDef.user_provides_base_uri_with_valid_authetication_details()
  And user should be able to find the new skill detail when he gets the new skill id # stepDefinitions.SkillAPISteps.user_should_be_able_to_find_the_new_skill_detail_when_he_gets_the_new_skill_id()
  And user should also receive the message "Successfully Created !!"                 # stepDefinitions.CommonStepDef.user_should_also_receive_the_message(java.lang.String)
]]></system-out>
  </testcase>
  <testcase name="runScenario[&quot;User should not be able to create new user by sending already existing skill id&quot;, &quot;Testing UserAPI Using CRUD Method&quot;](16)" classname="testrunner.TestRestAPIRunner" time="0.105">
    <system-out><![CDATA[
@userSkillMapAPI
Scenario: User should not able to update an existing user skill mapping detail by sending PUT request # features/userSkillMapAPI.feature:38
  Given user provides baseUri with valid authetication details                                        # stepDefinitions.CommonStepDef.user_provides_base_uri_with_valid_authetication_details()
  When user sends POST request for skillAPI with valid Json body and header already existing               # stepDefinitions.SkillAPISteps.user_sends_post_request_for_skill_api_with_valid_json_body_and_header_already_existing()
  Then user should receive response status code as 400                                                     # stepDefinitions.CommonStepDef.user_should_receive_response_status_code_as(java.lang.Integer)
  And user should also receive the message "FailedÂ toÂ createÂ newÂ SkillÂ detailsÂ asÂ SkillÂ alreadyÂ existsÂ !!" # stepDefinitions.CommonStepDef.user_should_also_receive_the_message(java.lang.String)
]]></system-out>
  </testcase>
  <testcase name="runScenario[&quot;User should be able to send POST request with valid credentials&quot;, &quot;Testing UserAPI Using CRUD Method&quot;](17)" classname="testrunner.TestRestAPIRunner" time="0.369">
    <system-out><![CDATA[
@userSkillMapAPI
Scenario: User should not able to update an existing user skill mapping detail by sending PUT request # features/userSkillMapAPI.feature:44
  Given user provides baseUri with valid authetication details                                        # stepDefinitions.CommonStepDef.user_provides_base_uri_with_valid_authetication_details()
user_skill_id is: US4350
{"timestamp":"2022-08-25T05:44:49.317+00:00","message":"UserId - 0 Not Found !!","details":"uri=/UserSkills"}
  When user sends POST request with valid Json body and header            # stepDefinitions.UserAPISteps.user_sends_post_request_with_valid_json_body()
  Then user should receive response status code as 201                    # stepDefinitions.CommonStepDef.user_should_receive_response_status_code_as(java.lang.Integer)
  And user should also receive the message "Successfully Created !!"      # stepDefinitions.CommonStepDef.user_should_also_receive_the_message(java.lang.String)
]]></system-out>
  </testcase>
  <testcase name="runScenario[&quot;User should be able to send DELETE request with valid credentials&quot;, &quot;Testing UserAPI Using CRUD Method&quot;](18)" classname="testrunner.TestRestAPIRunner" time="0.248">
    <system-out><![CDATA[
@userSkillMapAPI
Scenario: User should be able to send DELETE request for exising user skill mapping detail # features/userSkillMapAPI.feature:49
  Given user provides baseUri with valid authetication details                             # stepDefinitions.CommonStepDef.user_provides_base_uri_with_valid_authetication_details()
  When user sends DELETE request for specific userId                        # stepDefinitions.UserAPISteps.user_sends_delete_request_for_specific_user_id()
  Then user should receive response status code as 200                      # stepDefinitions.CommonStepDef.user_should_receive_response_status_code_as(java.lang.Integer)
  And user should also receive the message "The record has been deleted !!" # stepDefinitions.CommonStepDef.user_should_also_receive_the_message(java.lang.String)
]]></system-out>
  </testcase>
  <testcase name="runScenario[&quot;User should be able to get user-skill data by sending GET request with valid single user skill id&quot;, &quot;Testing UserSkillMapAPI Using CRUD Method&quot;](19)" classname="testrunner.TestRestAPIRunner" time="0.058">
    <system-out><![CDATA[
@userSkillMapAPI
Scenario: User should not be able to get already deleted or non-existing user id    # features/userSkillMapAPI.feature:55
  Given user provides baseUri with valid authetication details                      # stepDefinitions.CommonStepDef.user_provides_base_uri_with_valid_authetication_details()
{"timestamp":"2022-08-25T05:44:49.696+00:00","message":"UserSkillId - null Not Found !!","details":"uri=/UserSkills/null"}
{"user_skill_id":"US4350","user_id":"U5064","skill_id":3968,"months_of_exp":59}
  When user sends GET request with valid user skill id as path parameter                                    # stepDefinitions.UserSkillMapAPISteps.user_sends_get_request_with_valid_user_skill_is_as_path_parameter()
  Then user should receive response status code as 200                                                      # stepDefinitions.CommonStepDef.user_should_receive_response_status_code_as(java.lang.Integer)
  And user should be able to validate json schema for userSkillMapAPI                                       # stepDefinitions.UserSkillMapAPISteps.user_should_be_able_to_validate_json_schema_for_user_skill_map_api()
]]></system-out>
  </testcase>
  <testcase name="runScenario[&quot;User should be able to send PUT request with valid credentials&quot;, &quot;Testing UserAPI Using CRUD Method&quot;](20)" classname="testrunner.TestRestAPIRunner" time="0.112">
    <system-out><![CDATA[
@UserSkillMapGet
Scenario: User should not be able to get all users with all skill details by sending GET request with no credentials # features/userSkillMapGetAPI.feature:4
  Given user provides baseUri with no authetication details                                                          # stepDefinitions.CommonStepDef.user_provides_base_uri_for_with_no_authetication_details()
  When user sends PUT request with updated valid Json body and specific skill id # stepDefinitions.SkillAPISteps.user_sends_put_request_with_updated_valid_json_body_and_specific_skill_id()
  Then user should receive response status code as 201                           # stepDefinitions.CommonStepDef.user_should_receive_response_status_code_as(java.lang.Integer)
  And user should also receive the message "Successfully Updated !!"             # stepDefinitions.CommonStepDef.user_should_also_receive_the_message(java.lang.String)
]]></system-out>
  </testcase>
  <testcase name="runScenario[&quot;User should not be able to get all users with all skill details by sending GET request with no credentials&quot;, &quot;Testing UserSkillMapGetAPI Using CRUD Method&quot;](21)" classname="testrunner.TestRestAPIRunner" time="0.347">
    <system-out><![CDATA[
@UserSkillMapGet
Scenario: User should be able to get all users with all skill details by sending GET request with valid credentials # features/userSkillMapGetAPI.feature:9
  Given user provides baseUri with valid authetication details                                                      # stepDefinitions.CommonStepDef.user_provides_base_uri_with_valid_authetication_details()
{"user_skill_id":"US4479","user_id":"U5064","skill_id":3968,"months_of_exp":12,"message_response":"Successfully Created !!"}
  When user sends GET request to get all users with all skill details with valid endpoint                            # stepDefinitions.UserSkillMapGetAPISteps.user_sends_get_request_to_get_all_users_with_all_skill_details_with_valid_endpoint()
  Then user should receive response status code as 401                                                               # stepDefinitions.CommonStepDef.user_should_receive_response_status_code_as(java.lang.Integer)
]]></system-out>
  </testcase>
  <testcase name="runScenario[&quot;User should be able to send PUT request with valid credentials&quot;, &quot;Testing UserAPI Using CRUD Method&quot;](22)" classname="testrunner.TestRestAPIRunner" time="0.398">
    <system-out><![CDATA[
@UserSkillMapGet
Scenario: User should not be able to get single user with skill details by sending GET request with invalid user id # features/userSkillMapGetAPI.feature:15
  Given user provides baseUri with valid authetication details                                                      # stepDefinitions.CommonStepDef.user_provides_base_uri_with_valid_authetication_details()
  When user sends PUT request with updated valid Json body providing specific userId as path parameter # stepDefinitions.UserAPISteps.user_sends_put_request_with_updated_valid_json_body_providing_specific_user_id_as_path_parameter()
  Then user should receive response status code as 201                                                 # stepDefinitions.CommonStepDef.user_should_receive_response_status_code_as(java.lang.Integer)
  And user should also receive the message "Successfully Updated !!"                                   # stepDefinitions.CommonStepDef.user_should_also_receive_the_message(java.lang.String)
]]></system-out>
  </testcase>
  <testcase name="runScenario[&quot;User should not be able to get single user with skill details by sending GET request with invalid user id&quot;, &quot;Testing UserSkillMapGetAPI Using CRUD Method&quot;](23)" classname="testrunner.TestRestAPIRunner" time="0.2">
    <system-out><![CDATA[
@UserSkillMapGet
Scenario: User should be able to get single user with skill details by sending GET request with specific user id and valid credentials # features/userSkillMapGetAPI.feature:20
  Given user provides baseUri with valid authetication details                                                                         # stepDefinitions.CommonStepDef.user_provides_base_uri_with_valid_authetication_details()
  When user sends GET request to get single user with skill details with valid endpoint and invalid user id         # stepDefinitions.UserSkillMapGetAPISteps.user_sends_get_request_to_get_single_user_with_skill_details_with_valid_endpoint_and_invalid_user_id()
  Then user should receive response status code as 404                                                              # stepDefinitions.CommonStepDef.user_should_receive_response_status_code_as(java.lang.Integer)
]]></system-out>
  </testcase>
  <testcase name="runScenario[&quot;User should not be able to get already deleted or non-existing user id&quot;, &quot;Testing UserAPI Using CRUD Method&quot;](24)" classname="testrunner.TestRestAPIRunner" time="0.22">
    <system-out><![CDATA[  When user sends GET request for non-existing userId                            # stepDefinitions.UserAPISteps.user_sends_delete_request_for_already_deleted_or_non_existing_user_id()
  Then user should receive response status code as 404                           # stepDefinitions.CommonStepDef.user_should_receive_response_status_code_as(java.lang.Integer)
  And user should also receive the message "User(non-existing) Not Found !!"     # stepDefinitions.CommonStepDef.user_should_also_receive_the_message(java.lang.String)
]]></system-out>
  </testcase>
  <testcase name="runScenario[&quot;User should not be able to create a new user skill mapping detail by sending POST request with invalid data&quot;, &quot;Testing UserSkillMapAPI Using CRUD Method&quot;](25)" classname="testrunner.TestRestAPIRunner" time="1.734">
    <system-out><![CDATA[US4480
  When user sends POST request with invalid Json body and header for userSkillMapAPI                                  # stepDefinitions.UserSkillMapAPISteps.user_sends_post_request_with_invalid_json_body_and_header_for_user_skill_map_api()
  Then user should receive response status code as 404                                                                # stepDefinitions.CommonStepDef.user_should_receive_response_status_code_as(java.lang.Integer)
]]></system-out>
  </testcase>
  <testcase name="runScenario[&quot;User should not able to update an existing user skill mapping detail by sending PUT request&quot;, &quot;Testing UserSkillMapAPI Using CRUD Method&quot;](26)" classname="testrunner.TestRestAPIRunner" time="2.104">
    <system-out><![CDATA[{"user_skill_id":"US4480","user_id":"U5064","skill_id":3968,"months_of_exp":12,"message_response":"Successfully Updated !!"}
  When user sends PUT request with invalid path parameter                                             # stepDefinitions.UserSkillMapAPISteps.user_sends_put_request_with_invalid_users_skill_id_as_path_parameter()
  Then user should receive response status code as 404                                                # stepDefinitions.CommonStepDef.user_should_receive_response_status_code_as(java.lang.Integer)
]]></system-out>
  </testcase>
  <testcase name="runScenario[&quot;User should be able to send DELETE request for exising user skill mapping detail&quot;, &quot;Testing UserSkillMapAPI Using CRUD Method&quot;](27)" classname="testrunner.TestRestAPIRunner" time="2.387">
    <system-out><![CDATA[  When user sends DELETE request for specific users skill id                               # stepDefinitions.UserSkillMapAPISteps.user_sends_delete_request_for_specific_users_skill_id()
  Then user should receive response status code as 200                                     # stepDefinitions.CommonStepDef.user_should_receive_response_status_code_as(java.lang.Integer)
  And user should also receive the message "The record has been deleted !!"                # stepDefinitions.CommonStepDef.user_should_also_receive_the_message(java.lang.String)
]]></system-out>
  </testcase>
  <testcase name="runScenario[&quot;User should be able to get all users with all skill details by sending GET request with valid credentials&quot;, &quot;Testing UserSkillMapGetAPI Using CRUD Method&quot;](28)" classname="testrunner.TestRestAPIRunner" time="2.429">
    <system-out><![CDATA[  When user sends GET request to get all users with all skill details with valid endpoint                           # stepDefinitions.UserSkillMapGetAPISteps.user_sends_get_request_to_get_all_users_with_all_skill_details_with_valid_endpoint()
  Then user should receive response status code as 200                                                              # stepDefinitions.CommonStepDef.user_should_receive_response_status_code_as(java.lang.Integer)
  And user receives response content-type as "aplication/json"                                                      # stepDefinitions.CommonStepDef.user_receives_response_content_type_as(java.lang.String)
]]></system-out>
  </testcase>
  <testcase name="runScenario[&quot;User should be able to create a new user skill mapping detail by sending POST request with valid data&quot;, &quot;Testing UserSkillMapAPI Using CRUD Method&quot;](29)" classname="testrunner.TestRestAPIRunner" time="2.57">
    <system-out><![CDATA[  When user sends POST request with valid Json body and header for userSkillMapAPI                              # stepDefinitions.UserSkillMapAPISteps.user_sends_post_request_with_valid_json_body_and_header_for_user_skill_map_api()
  Then user should receive response status code as 201                                                          # stepDefinitions.CommonStepDef.user_should_receive_response_status_code_as(java.lang.Integer)
  And user should be able to validate the response body for userSkillMapAPI                                     # stepDefinitions.UserSkillMapAPISteps.user_should_be_able_to_validate_the_response_body_for_user_skill_map_api()
  And user should also receive the message "Successfully Created !!"                                            # stepDefinitions.CommonStepDef.user_should_also_receive_the_message(java.lang.String)
]]></system-out>
  </testcase>
  <testcase name="runScenario[&quot;User should not be able to get already deleted or non-existing user id&quot;, &quot;Testing UserSkillMapAPI Using CRUD Method&quot;](30)" classname="testrunner.TestRestAPIRunner" time="2.709">
    <system-out><![CDATA[  When user sends DELETE request for already deleted or non-existing users skill id # stepDefinitions.UserSkillMapAPISteps.user_sends_get_request_for_already_deleted_or_non_existing_users_skill_id()
  Then user should receive response status code as 404                              # stepDefinitions.CommonStepDef.user_should_receive_response_status_code_as(java.lang.Integer)
]]></system-out>
  </testcase>
  <testcase name="runScenario[&quot;User should be able to get single user with skill details by sending GET request with specific user id and valid credentials&quot;, &quot;Testing UserSkillMapGetAPI Using CRUD Method&quot;](31)" classname="testrunner.TestRestAPIRunner" time="4.14">
    <system-out><![CDATA[U23
User ID is: U23
UserSkillsMap/U23
  When user sends GET request to get single user with skill details with valid endpoint and specific user id                           # stepDefinitions.UserSkillMapGetAPISteps.user_sends_get_request_to_get_single_user_with_skill_details_with_valid_endpoint_and_specific_user_id()
  Then user should receive response status code as 200                                                                                 # stepDefinitions.CommonStepDef.user_should_receive_response_status_code_as(java.lang.Integer)
  And user should be able to validate json schema for usersSkillsMapGetAPI                                                             # stepDefinitions.UserSkillMapGetAPISteps.user_should_be_able_to_validate_json_schema_for_users_skills_map_get_api()
]]></system-out>
  </testcase>
  <testcase name="runScenario[&quot;User should not able to update an existing user skill mapping detail by sending PUT request&quot;, &quot;Testing UserSkillMapAPI Using CRUD Method&quot;](32)" classname="testrunner.TestRestAPIRunner" time="4.887">
    <system-out><![CDATA[  When user sends PUT request with valid users skill id as path parameter                             # stepDefinitions.UserSkillMapAPISteps.user_sends_put_request_with_valid_users_skill_id_as_path_parameter()
  Then user should receive response status code as 201                                                # stepDefinitions.CommonStepDef.user_should_receive_response_status_code_as(java.lang.Integer)
  And user should also receive the message "Successfully Updated !!"                                  # stepDefinitions.CommonStepDef.user_should_also_receive_the_message(java.lang.String)
]]></system-out>
  </testcase>
</testsuite>