<?xml version="1.0" encoding="UTF-8"?>
<testng-results skipped="0" failed="0" ignored="0" total="32" passed="32">
  <reporter-output>
  </reporter-output>
  <suite name="Default suite" duration-ms="14369" started-at="2022-08-24T22:15:09 PDT" finished-at="2022-08-24T22:15:23 PDT">
    <groups>
      <group name="cucumber">
        <method signature="AbstractTestNGCucumberTests.runScenario(io.cucumber.testng.PickleWrapper,io.cucumber.testng.FeatureWrapper)[pri:0, instance:testrunner.TestRestAPIRunner@17d0685f]" name="runScenario" class="io.cucumber.testng.AbstractTestNGCucumberTests"/>
      </group> <!-- cucumber -->
    </groups>
    <test name="Default test" duration-ms="14369" started-at="2022-08-24T22:15:09 PDT" finished-at="2022-08-24T22:15:23 PDT">
      <class name="testrunner.TestRestAPIRunner">
        <test-method status="PASS" signature="setUpClass(org.testng.ITestContext)[pri:0, instance:testrunner.TestRestAPIRunner@17d0685f]" name="setUpClass" is-config="true" duration-ms="279" started-at="2022-08-24T22:15:09 PDT" finished-at="2022-08-24T22:15:09 PDT">
          <params>
            <param index="0">
              <value>
                <![CDATA[org.testng.TestRunner@19976a65]]>
              </value>
            </param>
          </params>
          <reporter-output>
          </reporter-output>
        </test-method> <!-- setUpClass -->
        <test-method status="PASS" signature="runScenario(io.cucumber.testng.PickleWrapper,io.cucumber.testng.FeatureWrapper)[pri:0, instance:testrunner.TestRestAPIRunner@17d0685f]" name="runScenario" duration-ms="6659" started-at="2022-08-24T22:15:09 PDT" description="Runs Cucumber Scenarios" data-provider="scenarios" finished-at="2022-08-24T22:15:16 PDT">
          <params>
            <param index="0">
              <value>
                <![CDATA["User should be able to create new skill detail by sending POST request"]]>
              </value>
            </param>
            <param index="1">
              <value>
                <![CDATA["Testing UserAPI Using CRUD Method"]]>
              </value>
            </param>
          </params>
          <reporter-output>
          </reporter-output>
        </test-method> <!-- runScenario -->
        <test-method status="PASS" signature="runScenario(io.cucumber.testng.PickleWrapper,io.cucumber.testng.FeatureWrapper)[pri:0, instance:testrunner.TestRestAPIRunner@17d0685f]" name="runScenario" duration-ms="6598" started-at="2022-08-24T22:15:09 PDT" description="Runs Cucumber Scenarios" data-provider="scenarios" finished-at="2022-08-24T22:15:16 PDT">
          <params>
            <param index="0">
              <value>
                <![CDATA["User should be able to send DELETE request with valid credentials"]]>
              </value>
            </param>
            <param index="1">
              <value>
                <![CDATA["Testing UserAPI Using CRUD Method"]]>
              </value>
            </param>
          </params>
          <reporter-output>
          </reporter-output>
        </test-method> <!-- runScenario -->
        <test-method status="PASS" signature="runScenario(io.cucumber.testng.PickleWrapper,io.cucumber.testng.FeatureWrapper)[pri:0, instance:testrunner.TestRestAPIRunner@17d0685f]" name="runScenario" duration-ms="3003" started-at="2022-08-24T22:15:09 PDT" description="Runs Cucumber Scenarios" data-provider="scenarios" finished-at="2022-08-24T22:15:12 PDT">
          <params>
            <param index="0">
              <value>
                <![CDATA["User should be able to get all skill data by sending GET request with valid authetication"]]>
              </value>
            </param>
            <param index="1">
              <value>
                <![CDATA["Testing UserAPI Using CRUD Method"]]>
              </value>
            </param>
          </params>
          <reporter-output>
          </reporter-output>
        </test-method> <!-- runScenario -->
        <test-method status="PASS" signature="runScenario(io.cucumber.testng.PickleWrapper,io.cucumber.testng.FeatureWrapper)[pri:0, instance:testrunner.TestRestAPIRunner@17d0685f]" name="runScenario" duration-ms="5294" started-at="2022-08-24T22:15:09 PDT" description="Runs Cucumber Scenarios" data-provider="scenarios" finished-at="2022-08-24T22:15:15 PDT">
          <params>
            <param index="0">
              <value>
                <![CDATA["User should be able to get skill data by sending GET request for specific skill id"]]>
              </value>
            </param>
            <param index="1">
              <value>
                <![CDATA["Testing UserAPI Using CRUD Method"]]>
              </value>
            </param>
          </params>
          <reporter-output>
          </reporter-output>
        </test-method> <!-- runScenario -->
        <test-method status="PASS" signature="runScenario(io.cucumber.testng.PickleWrapper,io.cucumber.testng.FeatureWrapper)[pri:0, instance:testrunner.TestRestAPIRunner@17d0685f]" name="runScenario" duration-ms="2563" started-at="2022-08-24T22:15:09 PDT" description="Runs Cucumber Scenarios" data-provider="scenarios" finished-at="2022-08-24T22:15:12 PDT">
          <params>
            <param index="0">
              <value>
                <![CDATA["User should not be able to get all users by sending GET request with no credentials"]]>
              </value>
            </param>
            <param index="1">
              <value>
                <![CDATA["Testing UserAPI Using CRUD Method"]]>
              </value>
            </param>
          </params>
          <reporter-output>
          </reporter-output>
        </test-method> <!-- runScenario -->
        <test-method status="PASS" signature="runScenario(io.cucumber.testng.PickleWrapper,io.cucumber.testng.FeatureWrapper)[pri:0, instance:testrunner.TestRestAPIRunner@17d0685f]" name="runScenario" duration-ms="7860" started-at="2022-08-24T22:15:09 PDT" description="Runs Cucumber Scenarios" data-provider="scenarios" finished-at="2022-08-24T22:15:17 PDT">
          <params>
            <param index="0">
              <value>
                <![CDATA["User should be able to send PUT request with valid credentials"]]>
              </value>
            </param>
            <param index="1">
              <value>
                <![CDATA["Testing UserAPI Using CRUD Method"]]>
              </value>
            </param>
          </params>
          <reporter-output>
          </reporter-output>
        </test-method> <!-- runScenario -->
        <test-method status="PASS" signature="runScenario(io.cucumber.testng.PickleWrapper,io.cucumber.testng.FeatureWrapper)[pri:0, instance:testrunner.TestRestAPIRunner@17d0685f]" name="runScenario" duration-ms="3704" started-at="2022-08-24T22:15:09 PDT" description="Runs Cucumber Scenarios" data-provider="scenarios" finished-at="2022-08-24T22:15:13 PDT">
          <params>
            <param index="0">
              <value>
                <![CDATA["User should not be able to get already deleted or non-existing skill id"]]>
              </value>
            </param>
            <param index="1">
              <value>
                <![CDATA["Testing UserAPI Using CRUD Method"]]>
              </value>
            </param>
          </params>
          <reporter-output>
          </reporter-output>
        </test-method> <!-- runScenario -->
        <test-method status="PASS" signature="runScenario(io.cucumber.testng.PickleWrapper,io.cucumber.testng.FeatureWrapper)[pri:0, instance:testrunner.TestRestAPIRunner@17d0685f]" name="runScenario" duration-ms="2563" started-at="2022-08-24T22:15:09 PDT" description="Runs Cucumber Scenarios" data-provider="scenarios" finished-at="2022-08-24T22:15:12 PDT">
          <params>
            <param index="0">
              <value>
                <![CDATA["User should not be able to get all skill data by sending GET request with no authetication"]]>
              </value>
            </param>
            <param index="1">
              <value>
                <![CDATA["Testing UserAPI Using CRUD Method"]]>
              </value>
            </param>
          </params>
          <reporter-output>
          </reporter-output>
        </test-method> <!-- runScenario -->
        <test-method status="PASS" signature="runScenario(io.cucumber.testng.PickleWrapper,io.cucumber.testng.FeatureWrapper)[pri:0, instance:testrunner.TestRestAPIRunner@17d0685f]" name="runScenario" duration-ms="2946" started-at="2022-08-24T22:15:09 PDT" description="Runs Cucumber Scenarios" data-provider="scenarios" finished-at="2022-08-24T22:15:12 PDT">
          <params>
            <param index="0">
              <value>
                <![CDATA["User should not be able to send PUT request with invalid data"]]>
              </value>
            </param>
            <param index="1">
              <value>
                <![CDATA["Testing UserAPI Using CRUD Method"]]>
              </value>
            </param>
          </params>
          <reporter-output>
          </reporter-output>
        </test-method> <!-- runScenario -->
        <test-method status="PASS" signature="runScenario(io.cucumber.testng.PickleWrapper,io.cucumber.testng.FeatureWrapper)[pri:0, instance:testrunner.TestRestAPIRunner@17d0685f]" name="runScenario" duration-ms="7246" started-at="2022-08-24T22:15:09 PDT" description="Runs Cucumber Scenarios" data-provider="scenarios" finished-at="2022-08-24T22:15:17 PDT">
          <params>
            <param index="0">
              <value>
                <![CDATA["User should not be able to create new user by sending already existing skill id"]]>
              </value>
            </param>
            <param index="1">
              <value>
                <![CDATA["Testing UserAPI Using CRUD Method"]]>
              </value>
            </param>
          </params>
          <reporter-output>
          </reporter-output>
        </test-method> <!-- runScenario -->
        <test-method status="PASS" signature="runScenario(io.cucumber.testng.PickleWrapper,io.cucumber.testng.FeatureWrapper)[pri:0, instance:testrunner.TestRestAPIRunner@17d0685f]" name="runScenario" duration-ms="1211" started-at="2022-08-24T22:15:12 PDT" description="Runs Cucumber Scenarios" data-provider="scenarios" finished-at="2022-08-24T22:15:13 PDT">
          <params>
            <param index="0">
              <value>
                <![CDATA["User should be able to send GET request with valid credentials"]]>
              </value>
            </param>
            <param index="1">
              <value>
                <![CDATA["Testing UserAPI Using CRUD Method"]]>
              </value>
            </param>
          </params>
          <reporter-output>
          </reporter-output>
        </test-method> <!-- runScenario -->
        <test-method status="PASS" signature="runScenario(io.cucumber.testng.PickleWrapper,io.cucumber.testng.FeatureWrapper)[pri:0, instance:testrunner.TestRestAPIRunner@17d0685f]" name="runScenario" duration-ms="2729" started-at="2022-08-24T22:15:12 PDT" description="Runs Cucumber Scenarios" data-provider="scenarios" finished-at="2022-08-24T22:15:15 PDT">
          <params>
            <param index="0">
              <value>
                <![CDATA["User should be able to send GET request by specific user id"]]>
              </value>
            </param>
            <param index="1">
              <value>
                <![CDATA["Testing UserAPI Using CRUD Method"]]>
              </value>
            </param>
          </params>
          <reporter-output>
          </reporter-output>
        </test-method> <!-- runScenario -->
        <test-method status="PASS" signature="runScenario(io.cucumber.testng.PickleWrapper,io.cucumber.testng.FeatureWrapper)[pri:0, instance:testrunner.TestRestAPIRunner@17d0685f]" name="runScenario" duration-ms="922" started-at="2022-08-24T22:15:12 PDT" description="Runs Cucumber Scenarios" data-provider="scenarios" finished-at="2022-08-24T22:15:13 PDT">
          <params>
            <param index="0">
              <value>
                <![CDATA["User should not be able to get valid user details by sending GET request with invalid user id"]]>
              </value>
            </param>
            <param index="1">
              <value>
                <![CDATA["Testing UserAPI Using CRUD Method"]]>
              </value>
            </param>
          </params>
          <reporter-output>
          </reporter-output>
        </test-method> <!-- runScenario -->
        <test-method status="PASS" signature="runScenario(io.cucumber.testng.PickleWrapper,io.cucumber.testng.FeatureWrapper)[pri:0, instance:testrunner.TestRestAPIRunner@17d0685f]" name="runScenario" duration-ms="4078" started-at="2022-08-24T22:15:12 PDT" description="Runs Cucumber Scenarios" data-provider="scenarios" finished-at="2022-08-24T22:15:16 PDT">
          <params>
            <param index="0">
              <value>
                <![CDATA["User should be able to send POST request with valid credentials"]]>
              </value>
            </param>
            <param index="1">
              <value>
                <![CDATA["Testing UserAPI Using CRUD Method"]]>
              </value>
            </param>
          </params>
          <reporter-output>
          </reporter-output>
        </test-method> <!-- runScenario -->
        <test-method status="PASS" signature="runScenario(io.cucumber.testng.PickleWrapper,io.cucumber.testng.FeatureWrapper)[pri:0, instance:testrunner.TestRestAPIRunner@17d0685f]" name="runScenario" duration-ms="1555" started-at="2022-08-24T22:15:13 PDT" description="Runs Cucumber Scenarios" data-provider="scenarios" finished-at="2022-08-24T22:15:15 PDT">
          <params>
            <param index="0">
              <value>
                <![CDATA["User should not be able to create new user by sending invalid request body in POST request"]]>
              </value>
            </param>
            <param index="1">
              <value>
                <![CDATA["Testing UserAPI Using CRUD Method"]]>
              </value>
            </param>
          </params>
          <reporter-output>
          </reporter-output>
        </test-method> <!-- runScenario -->
        <test-method status="PASS" signature="runScenario(io.cucumber.testng.PickleWrapper,io.cucumber.testng.FeatureWrapper)[pri:0, instance:testrunner.TestRestAPIRunner@17d0685f]" name="runScenario" duration-ms="4731" started-at="2022-08-24T22:15:13 PDT" description="Runs Cucumber Scenarios" data-provider="scenarios" finished-at="2022-08-24T22:15:18 PDT">
          <params>
            <param index="0">
              <value>
                <![CDATA["User should be able to send PUT request with valid credentials"]]>
              </value>
            </param>
            <param index="1">
              <value>
                <![CDATA["Testing UserAPI Using CRUD Method"]]>
              </value>
            </param>
          </params>
          <reporter-output>
          </reporter-output>
        </test-method> <!-- runScenario -->
        <test-method status="PASS" signature="runScenario(io.cucumber.testng.PickleWrapper,io.cucumber.testng.FeatureWrapper)[pri:0, instance:testrunner.TestRestAPIRunner@17d0685f]" name="runScenario" duration-ms="3637" started-at="2022-08-24T22:15:13 PDT" description="Runs Cucumber Scenarios" data-provider="scenarios" finished-at="2022-08-24T22:15:17 PDT">
          <params>
            <param index="0">
              <value>
                <![CDATA["User should be able to send DELETE request with valid credentials"]]>
              </value>
            </param>
            <param index="1">
              <value>
                <![CDATA["Testing UserAPI Using CRUD Method"]]>
              </value>
            </param>
          </params>
          <reporter-output>
          </reporter-output>
        </test-method> <!-- runScenario -->
        <test-method status="PASS" signature="runScenario(io.cucumber.testng.PickleWrapper,io.cucumber.testng.FeatureWrapper)[pri:0, instance:testrunner.TestRestAPIRunner@17d0685f]" name="runScenario" duration-ms="3649" started-at="2022-08-24T22:15:15 PDT" description="Runs Cucumber Scenarios" data-provider="scenarios" finished-at="2022-08-24T22:15:18 PDT">
          <params>
            <param index="0">
              <value>
                <![CDATA["User should not be able to get already deleted or non-existing user id"]]>
              </value>
            </param>
            <param index="1">
              <value>
                <![CDATA["Testing UserAPI Using CRUD Method"]]>
              </value>
            </param>
          </params>
          <reporter-output>
          </reporter-output>
        </test-method> <!-- runScenario -->
        <test-method status="PASS" signature="runScenario(io.cucumber.testng.PickleWrapper,io.cucumber.testng.FeatureWrapper)[pri:0, instance:testrunner.TestRestAPIRunner@17d0685f]" name="runScenario" duration-ms="469" started-at="2022-08-24T22:15:15 PDT" description="Runs Cucumber Scenarios" data-provider="scenarios" finished-at="2022-08-24T22:15:15 PDT">
          <params>
            <param index="0">
              <value>
                <![CDATA["User should not be able to get all user-skill data by sending GET request with no authetication"]]>
              </value>
            </param>
            <param index="1">
              <value>
                <![CDATA["Testing UserSkillMapAPI Using CRUD Method"]]>
              </value>
            </param>
          </params>
          <reporter-output>
          </reporter-output>
        </test-method> <!-- runScenario -->
        <test-method status="PASS" signature="runScenario(io.cucumber.testng.PickleWrapper,io.cucumber.testng.FeatureWrapper)[pri:0, instance:testrunner.TestRestAPIRunner@17d0685f]" name="runScenario" duration-ms="892" started-at="2022-08-24T22:15:15 PDT" description="Runs Cucumber Scenarios" data-provider="scenarios" finished-at="2022-08-24T22:15:16 PDT">
          <params>
            <param index="0">
              <value>
                <![CDATA["User should be able to get all user-skill data by sending GET request with valid authetication"]]>
              </value>
            </param>
            <param index="1">
              <value>
                <![CDATA["Testing UserSkillMapAPI Using CRUD Method"]]>
              </value>
            </param>
          </params>
          <reporter-output>
          </reporter-output>
        </test-method> <!-- runScenario -->
        <test-method status="PASS" signature="runScenario(io.cucumber.testng.PickleWrapper,io.cucumber.testng.FeatureWrapper)[pri:0, instance:testrunner.TestRestAPIRunner@17d0685f]" name="runScenario" duration-ms="2046" started-at="2022-08-24T22:15:15 PDT" description="Runs Cucumber Scenarios" data-provider="scenarios" finished-at="2022-08-24T22:15:17 PDT">
          <params>
            <param index="0">
              <value>
                <![CDATA["User should be able to get user-skill data by sending GET request with valid single user skill id"]]>
              </value>
            </param>
            <param index="1">
              <value>
                <![CDATA["Testing UserSkillMapAPI Using CRUD Method"]]>
              </value>
            </param>
          </params>
          <reporter-output>
          </reporter-output>
        </test-method> <!-- runScenario -->
        <test-method status="PASS" signature="runScenario(io.cucumber.testng.PickleWrapper,io.cucumber.testng.FeatureWrapper)[pri:0, instance:testrunner.TestRestAPIRunner@17d0685f]" name="runScenario" duration-ms="584" started-at="2022-08-24T22:15:16 PDT" description="Runs Cucumber Scenarios" data-provider="scenarios" finished-at="2022-08-24T22:15:16 PDT">
          <params>
            <param index="0">
              <value>
                <![CDATA["User should not be able to get user-skill data by sending GET request with invalid single user skill id"]]>
              </value>
            </param>
            <param index="1">
              <value>
                <![CDATA["Testing UserSkillMapAPI Using CRUD Method"]]>
              </value>
            </param>
          </params>
          <reporter-output>
          </reporter-output>
        </test-method> <!-- runScenario -->
        <test-method status="PASS" signature="runScenario(io.cucumber.testng.PickleWrapper,io.cucumber.testng.FeatureWrapper)[pri:0, instance:testrunner.TestRestAPIRunner@17d0685f]" name="runScenario" duration-ms="4940" started-at="2022-08-24T22:15:16 PDT" description="Runs Cucumber Scenarios" data-provider="scenarios" finished-at="2022-08-24T22:15:21 PDT">
          <params>
            <param index="0">
              <value>
                <![CDATA["User should be able to create a new user skill mapping detail by sending POST request with valid data"]]>
              </value>
            </param>
            <param index="1">
              <value>
                <![CDATA["Testing UserSkillMapAPI Using CRUD Method"]]>
              </value>
            </param>
          </params>
          <reporter-output>
          </reporter-output>
        </test-method> <!-- runScenario -->
        <test-method status="PASS" signature="runScenario(io.cucumber.testng.PickleWrapper,io.cucumber.testng.FeatureWrapper)[pri:0, instance:testrunner.TestRestAPIRunner@17d0685f]" name="runScenario" duration-ms="3626" started-at="2022-08-24T22:15:16 PDT" description="Runs Cucumber Scenarios" data-provider="scenarios" finished-at="2022-08-24T22:15:20 PDT">
          <params>
            <param index="0">
              <value>
                <![CDATA["User should not be able to create a new user skill mapping detail by sending POST request with invalid data"]]>
              </value>
            </param>
            <param index="1">
              <value>
                <![CDATA["Testing UserSkillMapAPI Using CRUD Method"]]>
              </value>
            </param>
          </params>
          <reporter-output>
          </reporter-output>
        </test-method> <!-- runScenario -->
        <test-method status="PASS" signature="runScenario(io.cucumber.testng.PickleWrapper,io.cucumber.testng.FeatureWrapper)[pri:0, instance:testrunner.TestRestAPIRunner@17d0685f]" name="runScenario" duration-ms="6821" started-at="2022-08-24T22:15:16 PDT" description="Runs Cucumber Scenarios" data-provider="scenarios" finished-at="2022-08-24T22:15:23 PDT">
          <params>
            <param index="0">
              <value>
                <![CDATA["User should not able to update an existing user skill mapping detail by sending PUT request"]]>
              </value>
            </param>
            <param index="1">
              <value>
                <![CDATA["Testing UserSkillMapAPI Using CRUD Method"]]>
              </value>
            </param>
          </params>
          <reporter-output>
          </reporter-output>
        </test-method> <!-- runScenario -->
        <test-method status="PASS" signature="runScenario(io.cucumber.testng.PickleWrapper,io.cucumber.testng.FeatureWrapper)[pri:0, instance:testrunner.TestRestAPIRunner@17d0685f]" name="runScenario" duration-ms="3649" started-at="2022-08-24T22:15:16 PDT" description="Runs Cucumber Scenarios" data-provider="scenarios" finished-at="2022-08-24T22:15:20 PDT">
          <params>
            <param index="0">
              <value>
                <![CDATA["User should not able to update an existing user skill mapping detail by sending PUT request"]]>
              </value>
            </param>
            <param index="1">
              <value>
                <![CDATA["Testing UserSkillMapAPI Using CRUD Method"]]>
              </value>
            </param>
          </params>
          <reporter-output>
          </reporter-output>
        </test-method> <!-- runScenario -->
        <test-method status="PASS" signature="runScenario(io.cucumber.testng.PickleWrapper,io.cucumber.testng.FeatureWrapper)[pri:0, instance:testrunner.TestRestAPIRunner@17d0685f]" name="runScenario" duration-ms="3580" started-at="2022-08-24T22:15:17 PDT" description="Runs Cucumber Scenarios" data-provider="scenarios" finished-at="2022-08-24T22:15:20 PDT">
          <params>
            <param index="0">
              <value>
                <![CDATA["User should be able to send DELETE request for exising user skill mapping detail"]]>
              </value>
            </param>
            <param index="1">
              <value>
                <![CDATA["Testing UserSkillMapAPI Using CRUD Method"]]>
              </value>
            </param>
          </params>
          <reporter-output>
          </reporter-output>
        </test-method> <!-- runScenario -->
        <test-method status="PASS" signature="runScenario(io.cucumber.testng.PickleWrapper,io.cucumber.testng.FeatureWrapper)[pri:0, instance:testrunner.TestRestAPIRunner@17d0685f]" name="runScenario" duration-ms="3597" started-at="2022-08-24T22:15:17 PDT" description="Runs Cucumber Scenarios" data-provider="scenarios" finished-at="2022-08-24T22:15:21 PDT">
          <params>
            <param index="0">
              <value>
                <![CDATA["User should not be able to get already deleted or non-existing user id"]]>
              </value>
            </param>
            <param index="1">
              <value>
                <![CDATA["Testing UserSkillMapAPI Using CRUD Method"]]>
              </value>
            </param>
          </params>
          <reporter-output>
          </reporter-output>
        </test-method> <!-- runScenario -->
        <test-method status="PASS" signature="runScenario(io.cucumber.testng.PickleWrapper,io.cucumber.testng.FeatureWrapper)[pri:0, instance:testrunner.TestRestAPIRunner@17d0685f]" name="runScenario" duration-ms="515" started-at="2022-08-24T22:15:17 PDT" description="Runs Cucumber Scenarios" data-provider="scenarios" finished-at="2022-08-24T22:15:18 PDT">
          <params>
            <param index="0">
              <value>
                <![CDATA["User should not be able to get all users with all skill details by sending GET request with no credentials"]]>
              </value>
            </param>
            <param index="1">
              <value>
                <![CDATA["Testing UserSkillMapGetAPI Using CRUD Method"]]>
              </value>
            </param>
          </params>
          <reporter-output>
          </reporter-output>
        </test-method> <!-- runScenario -->
        <test-method status="PASS" signature="runScenario(io.cucumber.testng.PickleWrapper,io.cucumber.testng.FeatureWrapper)[pri:0, instance:testrunner.TestRestAPIRunner@17d0685f]" name="runScenario" duration-ms="3971" started-at="2022-08-24T22:15:17 PDT" description="Runs Cucumber Scenarios" data-provider="scenarios" finished-at="2022-08-24T22:15:21 PDT">
          <params>
            <param index="0">
              <value>
                <![CDATA["User should be able to get all users with all skill details by sending GET request with valid credentials"]]>
              </value>
            </param>
            <param index="1">
              <value>
                <![CDATA["Testing UserSkillMapGetAPI Using CRUD Method"]]>
              </value>
            </param>
          </params>
          <reporter-output>
          </reporter-output>
        </test-method> <!-- runScenario -->
        <test-method status="PASS" signature="runScenario(io.cucumber.testng.PickleWrapper,io.cucumber.testng.FeatureWrapper)[pri:0, instance:testrunner.TestRestAPIRunner@17d0685f]" name="runScenario" duration-ms="601" started-at="2022-08-24T22:15:18 PDT" description="Runs Cucumber Scenarios" data-provider="scenarios" finished-at="2022-08-24T22:15:18 PDT">
          <params>
            <param index="0">
              <value>
                <![CDATA["User should not be able to get single user with skill details by sending GET request with invalid user id"]]>
              </value>
            </param>
            <param index="1">
              <value>
                <![CDATA["Testing UserSkillMapGetAPI Using CRUD Method"]]>
              </value>
            </param>
          </params>
          <reporter-output>
          </reporter-output>
        </test-method> <!-- runScenario -->
        <test-method status="PASS" signature="runScenario(io.cucumber.testng.PickleWrapper,io.cucumber.testng.FeatureWrapper)[pri:0, instance:testrunner.TestRestAPIRunner@17d0685f]" name="runScenario" duration-ms="4988" started-at="2022-08-24T22:15:18 PDT" description="Runs Cucumber Scenarios" data-provider="scenarios" finished-at="2022-08-24T22:15:23 PDT">
          <params>
            <param index="0">
              <value>
                <![CDATA["User should be able to get single user with skill details by sending GET request with specific user id and valid credentials"]]>
              </value>
            </param>
            <param index="1">
              <value>
                <![CDATA["Testing UserSkillMapGetAPI Using CRUD Method"]]>
              </value>
            </param>
          </params>
          <reporter-output>
          </reporter-output>
        </test-method> <!-- runScenario -->
        <test-method status="PASS" signature="tearDownClass()[pri:0, instance:testrunner.TestRestAPIRunner@17d0685f]" name="tearDownClass" is-config="true" duration-ms="457" started-at="2022-08-24T22:15:23 PDT" finished-at="2022-08-24T22:15:23 PDT">
          <reporter-output>
          </reporter-output>
        </test-method> <!-- tearDownClass -->
      </class> <!-- testrunner.TestRestAPIRunner -->
    </test> <!-- Default test -->
  </suite> <!-- Default suite -->
</testng-results>
