<?xml version="1.0" encoding="UTF-8"?>
<!-- Generated by org.testng.reporters.JUnitReportReporter -->
<testsuite skipped="0" hostname="LAPTOP-IAQHS7UT" name="testRunner.RestAPIRunner" tests="27" failures="0" timestamp="2022-08-21T19:45:33 PDT" time="68.433" errors="0">
  <testcase name="runScenario" time="0.678" classname="testRunner.RestAPIRunner"/>
  <system-out/>
  <testcase name="runScenario" time="3.643" classname="testRunner.RestAPIRunner"/>
  <system-out/>
  <testcase name="runScenario" time="5.612" classname="testRunner.RestAPIRunner"/>
  <system-out/>
  <testcase name="runScenario" time="3.744" classname="testRunner.RestAPIRunner"/>
  <system-out/>
  <testcase name="runScenario" time="0.466" classname="testRunner.RestAPIRunner"/>
  <system-out/>
  <testcase name="runScenario" time="0.475" classname="testRunner.RestAPIRunner"/>
  <system-out/>
  <testcase name="runScenario" time="0.546" classname="testRunner.RestAPIRunner"/>
  <system-out/>
  <testcase name="runScenario" time="3.785" classname="testRunner.RestAPIRunner"/>
  <system-out/>
  <testcase name="runScenario" time="2.958" classname="testRunner.RestAPIRunner"/>
  <system-out/>
  <testcase name="runScenario" time="5.601" classname="testRunner.RestAPIRunner"/>
  <system-out/>
  <testcase name="runScenario" time="2.243" classname="testRunner.RestAPIRunner"/>
  <system-out/>
  <testcase name="runScenario" time="0.630" classname="testRunner.RestAPIRunner"/>
  <system-out/>
  <testcase name="runScenario" time="4.250" classname="testRunner.RestAPIRunner"/>
  <system-out/>
  <testcase name="runScenario" time="5.858" classname="testRunner.RestAPIRunner"/>
  <system-out/>
  <testcase name="runScenario" time="3.763" classname="testRunner.RestAPIRunner"/>
  <system-out/>
  <testcase name="runScenario" time="0.459" classname="testRunner.RestAPIRunner"/>
  <system-out/>
  <testcase name="runScenario" time="0.483" classname="testRunner.RestAPIRunner"/>
  <system-out/>
  <testcase name="runScenario" time="1.062" classname="testRunner.RestAPIRunner"/>
  <system-out/>
  <testcase name="runScenario" time="0.584" classname="testRunner.RestAPIRunner"/>
  <system-out/>
  <testcase name="runScenario" time="2.306" classname="testRunner.RestAPIRunner"/>
  <system-out/>
  <testcase name="runScenario" time="2.569" classname="testRunner.RestAPIRunner"/>
  <system-out/>
  <testcase name="runScenario" time="0.874" classname="testRunner.RestAPIRunner"/>
  <system-out/>
  <testcase name="runScenario" time="1.232" classname="testRunner.RestAPIRunner"/>
  <system-out/>
  <testcase name="runScenario" time="3.741" classname="testRunner.RestAPIRunner"/>
  <system-out/>
  <testcase name="runScenario" time="4.465" classname="testRunner.RestAPIRunner"/>
  <system-out/>
  <testcase name="runScenario" time="5.565" classname="testRunner.RestAPIRunner"/>
  <system-out/>
  <testcase name="runScenario" time="0.841" classname="testRunner.RestAPIRunner"/>
  <system-out/>
</testsuite> <!-- testRunner.RestAPIRunner -->
