<?xml version="1.0" encoding="UTF-8"?>
<!-- Generated by org.testng.reporters.JUnitReportReporter -->
<testsuite skipped="0" hostname="LAPTOP-IAQHS7UT" name="stepDefinitions.TestRestAPIRunner" tests="9" failures="0" timestamp="2022-08-24T14:04:09 PDT" time="39.031" errors="0">
  <testcase name="runScenario" time="2.386" classname="stepDefinitions.TestRestAPIRunner"/>
  <system-out/>
  <testcase name="runScenario" time="7.187" classname="stepDefinitions.TestRestAPIRunner"/>
  <system-out/>
  <testcase name="runScenario" time="2.456" classname="stepDefinitions.TestRestAPIRunner"/>
  <system-out/>
  <testcase name="runScenario" time="2.439" classname="stepDefinitions.TestRestAPIRunner"/>
  <system-out/>
  <testcase name="runScenario" time="5.437" classname="stepDefinitions.TestRestAPIRunner"/>
  <system-out/>
  <testcase name="runScenario" time="3.254" classname="stepDefinitions.TestRestAPIRunner"/>
  <system-out/>
  <testcase name="runScenario" time="5.561" classname="stepDefinitions.TestRestAPIRunner"/>
  <system-out/>
  <testcase name="runScenario" time="4.872" classname="stepDefinitions.TestRestAPIRunner"/>
  <system-out/>
  <testcase name="runScenario" time="5.439" classname="stepDefinitions.TestRestAPIRunner"/>
  <system-out/>
</testsuite> <!-- stepDefinitions.TestRestAPIRunner -->
