<?xml version="1.0" encoding="UTF-8"?>
<!-- Generated by org.testng.reporters.JUnitReportReporter -->
<testsuite skipped="0" hostname="LAPTOP-IAQHS7UT" name="testrunner.TestRestAPIRunner" tests="32" failures="0" timestamp="2022-08-24T22:15:24 PDT" time="111.227" errors="0">
  <testcase name="runScenario" time="6.659" classname="testrunner.TestRestAPIRunner"/>
  <system-out/>
  <testcase name="runScenario" time="0.584" classname="testrunner.TestRestAPIRunner"/>
  <system-out/>
  <testcase name="runScenario" time="0.601" classname="testrunner.TestRestAPIRunner"/>
  <system-out/>
  <testcase name="runScenario" time="0.922" classname="testrunner.TestRestAPIRunner"/>
  <system-out/>
  <testcase name="runScenario" time="0.892" classname="testrunner.TestRestAPIRunner"/>
  <system-out/>
  <testcase name="runScenario" time="3.597" classname="testrunner.TestRestAPIRunner"/>
  <system-out/>
  <testcase name="runScenario" time="6.598" classname="testrunner.TestRestAPIRunner"/>
  <system-out/>
  <testcase name="runScenario" time="3.580" classname="testrunner.TestRestAPIRunner"/>
  <system-out/>
  <testcase name="runScenario" time="1.211" classname="testrunner.TestRestAPIRunner"/>
  <system-out/>
  <testcase name="runScenario" time="0.515" classname="testrunner.TestRestAPIRunner"/>
  <system-out/>
  <testcase name="runScenario" time="3.003" classname="testrunner.TestRestAPIRunner"/>
  <system-out/>
  <testcase name="runScenario" time="1.555" classname="testrunner.TestRestAPIRunner"/>
  <system-out/>
  <testcase name="runScenario" time="3.649" classname="testrunner.TestRestAPIRunner"/>
  <system-out/>
  <testcase name="runScenario" time="4.940" classname="testrunner.TestRestAPIRunner"/>
  <system-out/>
  <testcase name="runScenario" time="3.649" classname="testrunner.TestRestAPIRunner"/>
  <system-out/>
  <testcase name="runScenario" time="2.729" classname="testrunner.TestRestAPIRunner"/>
  <system-out/>
  <testcase name="runScenario" time="0.469" classname="testrunner.TestRestAPIRunner"/>
  <system-out/>
  <testcase name="runScenario" time="6.821" classname="testrunner.TestRestAPIRunner"/>
  <system-out/>
  <testcase name="runScenario" time="5.294" classname="testrunner.TestRestAPIRunner"/>
  <system-out/>
  <testcase name="runScenario" time="3.971" classname="testrunner.TestRestAPIRunner"/>
  <system-out/>
  <testcase name="runScenario" time="2.563" classname="testrunner.TestRestAPIRunner"/>
  <system-out/>
  <testcase name="runScenario" time="4.078" classname="testrunner.TestRestAPIRunner"/>
  <system-out/>
  <testcase name="runScenario" time="7.860" classname="testrunner.TestRestAPIRunner"/>
  <system-out/>
  <testcase name="runScenario" time="3.704" classname="testrunner.TestRestAPIRunner"/>
  <system-out/>
  <testcase name="runScenario" time="2.563" classname="testrunner.TestRestAPIRunner"/>
  <system-out/>
  <testcase name="runScenario" time="2.946" classname="testrunner.TestRestAPIRunner"/>
  <system-out/>
  <testcase name="runScenario" time="3.626" classname="testrunner.TestRestAPIRunner"/>
  <system-out/>
  <testcase name="runScenario" time="4.731" classname="testrunner.TestRestAPIRunner"/>
  <system-out/>
  <testcase name="runScenario" time="3.637" classname="testrunner.TestRestAPIRunner"/>
  <system-out/>
  <testcase name="runScenario" time="4.988" classname="testrunner.TestRestAPIRunner"/>
  <system-out/>
  <testcase name="runScenario" time="7.246" classname="testrunner.TestRestAPIRunner"/>
  <system-out/>
  <testcase name="runScenario" time="2.046" classname="testrunner.TestRestAPIRunner"/>
  <system-out/>
</testsuite> <!-- testrunner.TestRestAPIRunner -->
