<?xml version="1.0" encoding="UTF-8"?>
<!-- Generated by org.testng.reporters.JUnitReportReporter -->
<testsuite skipped="0" hostname="LAPTOP-IAQHS7UT" name="testrunner.TestRestAPIRunner" tests="32" failures="0" timestamp="2022-08-24T21:33:32 PDT" time="128.906" errors="0">
  <testcase name="runScenario" time="6.751" classname="testrunner.TestRestAPIRunner"/>
  <system-out/>
  <testcase name="runScenario" time="3.664" classname="testrunner.TestRestAPIRunner"/>
  <system-out/>
  <testcase name="runScenario" time="5.849" classname="testrunner.TestRestAPIRunner"/>
  <system-out/>
  <testcase name="runScenario" time="3.882" classname="testrunner.TestRestAPIRunner"/>
  <system-out/>
  <testcase name="runScenario" time="4.063" classname="testrunner.TestRestAPIRunner"/>
  <system-out/>
  <testcase name="runScenario" time="1.932" classname="testrunner.TestRestAPIRunner"/>
  <system-out/>
  <testcase name="runScenario" time="0.631" classname="testrunner.TestRestAPIRunner"/>
  <system-out/>
  <testcase name="runScenario" time="5.846" classname="testrunner.TestRestAPIRunner"/>
  <system-out/>
  <testcase name="runScenario" time="3.983" classname="testrunner.TestRestAPIRunner"/>
  <system-out/>
  <testcase name="runScenario" time="1.039" classname="testrunner.TestRestAPIRunner"/>
  <system-out/>
  <testcase name="runScenario" time="2.221" classname="testrunner.TestRestAPIRunner"/>
  <system-out/>
  <testcase name="runScenario" time="4.053" classname="testrunner.TestRestAPIRunner"/>
  <system-out/>
  <testcase name="runScenario" time="0.471" classname="testrunner.TestRestAPIRunner"/>
  <system-out/>
  <testcase name="runScenario" time="3.925" classname="testrunner.TestRestAPIRunner"/>
  <system-out/>
  <testcase name="runScenario" time="3.655" classname="testrunner.TestRestAPIRunner"/>
  <system-out/>
  <testcase name="runScenario" time="4.912" classname="testrunner.TestRestAPIRunner"/>
  <system-out/>
  <testcase name="runScenario" time="3.990" classname="testrunner.TestRestAPIRunner"/>
  <system-out/>
  <testcase name="runScenario" time="8.992" classname="testrunner.TestRestAPIRunner"/>
  <system-out/>
  <testcase name="runScenario" time="4.849" classname="testrunner.TestRestAPIRunner"/>
  <system-out/>
  <testcase name="runScenario" time="8.525" classname="testrunner.TestRestAPIRunner"/>
  <system-out/>
  <testcase name="runScenario" time="8.954" classname="testrunner.TestRestAPIRunner"/>
  <system-out/>
  <testcase name="runScenario" time="2.497" classname="testrunner.TestRestAPIRunner"/>
  <system-out/>
  <testcase name="runScenario" time="4.695" classname="testrunner.TestRestAPIRunner"/>
  <system-out/>
  <testcase name="runScenario" time="8.431" classname="testrunner.TestRestAPIRunner"/>
  <system-out/>
  <testcase name="runScenario" time="2.853" classname="testrunner.TestRestAPIRunner"/>
  <system-out/>
  <testcase name="runScenario" time="0.450" classname="testrunner.TestRestAPIRunner"/>
  <system-out/>
  <testcase name="runScenario" time="0.899" classname="testrunner.TestRestAPIRunner"/>
  <system-out/>
  <testcase name="runScenario" time="0.894" classname="testrunner.TestRestAPIRunner"/>
  <system-out/>
  <testcase name="runScenario" time="4.554" classname="testrunner.TestRestAPIRunner"/>
  <system-out/>
  <testcase name="runScenario" time="3.664" classname="testrunner.TestRestAPIRunner"/>
  <system-out/>
  <testcase name="runScenario" time="2.497" classname="testrunner.TestRestAPIRunner"/>
  <system-out/>
  <testcase name="runScenario" time="5.285" classname="testrunner.TestRestAPIRunner"/>
  <system-out/>
</testsuite> <!-- testrunner.TestRestAPIRunner -->
