<?xml version="1.0" encoding="UTF-8"?>
<!-- Generated by org.testng.reporters.JUnitReportReporter -->
<testsuite skipped="0" hostname="LAPTOP-IAQHS7UT" name="testrunner.TestRestAPIRunner" tests="32" failures="0" timestamp="2022-08-24T22:44:59 PDT" time="102.295" errors="0">
  <testcase name="runScenario" time="4.653" classname="testrunner.TestRestAPIRunner"/>
  <system-out/>
  <testcase name="runScenario" time="0.459" classname="testrunner.TestRestAPIRunner"/>
  <system-out/>
  <testcase name="runScenario" time="0.607" classname="testrunner.TestRestAPIRunner"/>
  <system-out/>
  <testcase name="runScenario" time="3.547" classname="testrunner.TestRestAPIRunner"/>
  <system-out/>
  <testcase name="runScenario" time="0.642" classname="testrunner.TestRestAPIRunner"/>
  <system-out/>
  <testcase name="runScenario" time="3.622" classname="testrunner.TestRestAPIRunner"/>
  <system-out/>
  <testcase name="runScenario" time="3.613" classname="testrunner.TestRestAPIRunner"/>
  <system-out/>
  <testcase name="runScenario" time="3.556" classname="testrunner.TestRestAPIRunner"/>
  <system-out/>
  <testcase name="runScenario" time="1.381" classname="testrunner.TestRestAPIRunner"/>
  <system-out/>
  <testcase name="runScenario" time="0.598" classname="testrunner.TestRestAPIRunner"/>
  <system-out/>
  <testcase name="runScenario" time="3.637" classname="testrunner.TestRestAPIRunner"/>
  <system-out/>
  <testcase name="runScenario" time="2.529" classname="testrunner.TestRestAPIRunner"/>
  <system-out/>
  <testcase name="runScenario" time="2.121" classname="testrunner.TestRestAPIRunner"/>
  <system-out/>
  <testcase name="runScenario" time="4.613" classname="testrunner.TestRestAPIRunner"/>
  <system-out/>
  <testcase name="runScenario" time="0.614" classname="testrunner.TestRestAPIRunner"/>
  <system-out/>
  <testcase name="runScenario" time="6.522" classname="testrunner.TestRestAPIRunner"/>
  <system-out/>
  <testcase name="runScenario" time="2.751" classname="testrunner.TestRestAPIRunner"/>
  <system-out/>
  <testcase name="runScenario" time="2.756" classname="testrunner.TestRestAPIRunner"/>
  <system-out/>
  <testcase name="runScenario" time="4.141" classname="testrunner.TestRestAPIRunner"/>
  <system-out/>
  <testcase name="runScenario" time="0.743" classname="testrunner.TestRestAPIRunner"/>
  <system-out/>
  <testcase name="runScenario" time="6.362" classname="testrunner.TestRestAPIRunner"/>
  <system-out/>
  <testcase name="runScenario" time="5.685" classname="testrunner.TestRestAPIRunner"/>
  <system-out/>
  <testcase name="runScenario" time="3.171" classname="testrunner.TestRestAPIRunner"/>
  <system-out/>
  <testcase name="runScenario" time="3.975" classname="testrunner.TestRestAPIRunner"/>
  <system-out/>
  <testcase name="runScenario" time="4.778" classname="testrunner.TestRestAPIRunner"/>
  <system-out/>
  <testcase name="runScenario" time="0.477" classname="testrunner.TestRestAPIRunner"/>
  <system-out/>
  <testcase name="runScenario" time="7.149" classname="testrunner.TestRestAPIRunner"/>
  <system-out/>
  <testcase name="runScenario" time="3.621" classname="testrunner.TestRestAPIRunner"/>
  <system-out/>
  <testcase name="runScenario" time="6.257" classname="testrunner.TestRestAPIRunner"/>
  <system-out/>
  <testcase name="runScenario" time="3.282" classname="testrunner.TestRestAPIRunner"/>
  <system-out/>
  <testcase name="runScenario" time="1.904" classname="testrunner.TestRestAPIRunner"/>
  <system-out/>
  <testcase name="runScenario" time="2.529" classname="testrunner.TestRestAPIRunner"/>
  <system-out/>
</testsuite> <!-- testrunner.TestRestAPIRunner -->
